[2024-07-04 21:08:08,240: INFO: main: welcome to my 1st log]
[2024-07-04 21:33:23,358: INFO: common: yaml file: config\config.yaml loaded successfully]
[2024-07-04 21:33:23,365: INFO: common: yaml file: params.yaml loaded successfully]
[2024-07-04 21:33:23,368: INFO: common: created directory at: artifacts]
[2024-07-04 21:33:23,371: INFO: common: created directory at: artifacts/data_ingestion]
[2024-07-04 21:38:49,442: INFO: common: yaml file: config\config.yaml loaded successfully]
[2024-07-04 21:38:49,447: INFO: common: yaml file: params.yaml loaded successfully]
[2024-07-04 21:38:49,451: INFO: common: created directory at: artifacts]
[2024-07-04 21:38:49,455: INFO: common: created directory at: artifacts/prepare_base_model]
[2024-07-04 21:39:06,614: INFO: common: yaml file: config\config.yaml loaded successfully]
[2024-07-04 21:39:06,620: INFO: common: yaml file: params.yaml loaded successfully]
[2024-07-04 21:39:06,624: INFO: common: created directory at: artifacts]
[2024-07-04 21:39:06,626: INFO: common: created directory at: artifacts/prepare_base_model]
[2024-07-04 21:39:06,679: INFO: 357159626: Read train and test data completed]
[2024-07-04 21:39:29,581: INFO: common: yaml file: config\config.yaml loaded successfully]
[2024-07-04 21:39:29,587: INFO: common: yaml file: params.yaml loaded successfully]
[2024-07-04 21:39:29,591: INFO: common: created directory at: artifacts]
[2024-07-04 21:39:29,594: INFO: common: created directory at: artifacts/prepare_base_model]
[2024-07-04 21:39:29,605: INFO: 357159626: Read train and test data completed]
[2024-07-04 21:41:48,061: INFO: common: yaml file: config\config.yaml loaded successfully]
[2024-07-04 21:41:48,070: INFO: common: yaml file: params.yaml loaded successfully]
[2024-07-04 21:41:48,075: INFO: common: created directory at: artifacts]
[2024-07-04 21:41:48,079: INFO: common: created directory at: artifacts/training]
[2024-07-05 17:21:50,219: INFO: common: yaml file: config\config.yaml loaded successfully]
[2024-07-05 17:21:50,229: INFO: common: yaml file: params.yaml loaded successfully]
[2024-07-05 17:21:50,232: INFO: common: created directory at: artifacts]
[2024-07-05 17:21:50,234: INFO: common: created directory at: artifacts/data_ingestion]
[2024-07-05 17:21:50,236: INFO: 1448228844: Inmgestion of the data is completed]
[2024-07-05 17:49:10,575: INFO: common: yaml file: config\config.yaml loaded successfully]
[2024-07-05 17:49:10,589: INFO: common: yaml file: params.yaml loaded successfully]
[2024-07-05 17:49:10,592: INFO: common: created directory at: artifacts]
[2024-07-05 17:49:10,594: INFO: common: created directory at: artifacts/data_ingestion]
[2024-07-05 17:49:10,595: INFO: 1448228844: Inmgestion of the data is completed]
[2024-07-05 17:50:01,376: INFO: common: yaml file: config\config.yaml loaded successfully]
[2024-07-05 17:50:01,382: INFO: common: yaml file: params.yaml loaded successfully]
[2024-07-05 17:50:01,384: INFO: common: created directory at: artifacts]
[2024-07-05 17:50:01,387: INFO: common: created directory at: artifacts/prepare_base_model]
[2024-07-05 17:50:01,436: INFO: 357159626: Read train and test data completed]
[2024-07-05 17:50:30,724: INFO: common: yaml file: config\config.yaml loaded successfully]
[2024-07-05 17:50:30,729: INFO: common: yaml file: params.yaml loaded successfully]
[2024-07-05 17:50:30,732: INFO: common: created directory at: artifacts]
[2024-07-05 17:50:30,735: INFO: common: created directory at: artifacts/training]
[2024-07-05 18:02:52,096: INFO: main: >>>>>> stage Data Ingestion stage started <<<<<<]
[2024-07-05 18:02:52,101: INFO: common: yaml file: config\config.yaml loaded successfully]
[2024-07-05 18:02:52,103: INFO: common: yaml file: params.yaml loaded successfully]
[2024-07-05 18:02:52,104: INFO: common: created directory at: artifacts]
[2024-07-05 18:02:52,105: INFO: common: created directory at: artifacts/data_ingestion]
[2024-07-05 18:02:52,105: INFO: data_ingestion: Inmgestion of the data is completed]
[2024-07-05 18:02:52,106: INFO: main: >>>>>> stage Data Ingestion stage completed <<<<<<

x==========x]
[2024-07-05 18:05:14,968: INFO: main: >>>>>> stage Data Ingestion stage started <<<<<<]
[2024-07-05 18:05:14,976: INFO: common: yaml file: config\config.yaml loaded successfully]
[2024-07-05 18:05:14,979: INFO: common: yaml file: params.yaml loaded successfully]
[2024-07-05 18:05:14,980: INFO: common: created directory at: artifacts]
[2024-07-05 18:05:14,981: INFO: common: created directory at: artifacts/data_ingestion]
[2024-07-05 18:05:14,982: INFO: data_ingestion: Inmgestion of the data is completed]
[2024-07-05 18:05:14,982: INFO: main: >>>>>> stage Data Ingestion stage completed <<<<<<

x==========x]
[2024-07-05 18:05:14,983: INFO: main: >>>>>> stage prepare base model stage started <<<<<<]
[2024-07-05 18:05:14,993: INFO: common: yaml file: config\config.yaml loaded successfully]
[2024-07-05 18:05:14,995: INFO: common: yaml file: params.yaml loaded successfully]
[2024-07-05 18:05:14,996: INFO: common: created directory at: artifacts]
[2024-07-05 18:05:14,997: INFO: common: created directory at: artifacts/prepare_base_model]
[2024-07-05 18:05:15,009: INFO: prepare_bsae_model: Read train and test data completed]
[2024-07-05 18:05:15,040: ERROR: main: name 'os' is not defined]
Traceback (most recent call last):
  File "C:\Users\Omar\Desktop\Omar_Files\Python_Analysis\EndToEndMachineLearningProjectAutoMobilePrice\main.py", line 27, in <module>
    obj.main()
  File "c:\users\omar\desktop\omar_files\python_analysis\endtoendmachinelearningprojectautomobileprice\src\AutoMobilePriceRegression\pipeline\stage_02_prepare_base_model.py", line 18, in main
    prepare_base_model.initiate_data_transformation()
  File "c:\users\omar\desktop\omar_files\python_analysis\endtoendmachinelearningprojectautomobileprice\src\AutoMobilePriceRegression\components\prepare_bsae_model.py", line 69, in initiate_data_transformation
    if not os.path.exists(self.config.train_data_path):
NameError: name 'os' is not defined
[2024-07-05 18:05:49,331: INFO: main: >>>>>> stage Data Ingestion stage started <<<<<<]
[2024-07-05 18:05:49,336: INFO: common: yaml file: config\config.yaml loaded successfully]
[2024-07-05 18:05:49,337: INFO: common: yaml file: params.yaml loaded successfully]
[2024-07-05 18:05:49,338: INFO: common: created directory at: artifacts]
[2024-07-05 18:05:49,338: INFO: common: created directory at: artifacts/data_ingestion]
[2024-07-05 18:05:49,339: INFO: data_ingestion: Inmgestion of the data is completed]
[2024-07-05 18:05:49,339: INFO: main: >>>>>> stage Data Ingestion stage completed <<<<<<

x==========x]
[2024-07-05 18:05:49,340: INFO: main: >>>>>> stage prepare base model stage started <<<<<<]
[2024-07-05 18:05:49,345: INFO: common: yaml file: config\config.yaml loaded successfully]
[2024-07-05 18:05:49,348: INFO: common: yaml file: params.yaml loaded successfully]
[2024-07-05 18:05:49,349: INFO: common: created directory at: artifacts]
[2024-07-05 18:05:49,350: INFO: common: created directory at: artifacts/prepare_base_model]
[2024-07-05 18:05:49,357: INFO: prepare_bsae_model: Read train and test data completed]
[2024-07-05 18:05:49,377: ERROR: main: name 'os' is not defined]
Traceback (most recent call last):
  File "C:\Users\Omar\Desktop\Omar_Files\Python_Analysis\EndToEndMachineLearningProjectAutoMobilePrice\main.py", line 28, in <module>
    obj.main()
  File "c:\users\omar\desktop\omar_files\python_analysis\endtoendmachinelearningprojectautomobileprice\src\AutoMobilePriceRegression\pipeline\stage_02_prepare_base_model.py", line 18, in main
    prepare_base_model.initiate_data_transformation()
  File "c:\users\omar\desktop\omar_files\python_analysis\endtoendmachinelearningprojectautomobileprice\src\AutoMobilePriceRegression\components\prepare_bsae_model.py", line 69, in initiate_data_transformation
    if not os.path.exists(self.config.train_data_path):
NameError: name 'os' is not defined
[2024-07-05 18:06:24,400: INFO: main: >>>>>> stage Data Ingestion stage started <<<<<<]
[2024-07-05 18:06:24,404: INFO: common: yaml file: config\config.yaml loaded successfully]
[2024-07-05 18:06:24,406: INFO: common: yaml file: params.yaml loaded successfully]
[2024-07-05 18:06:24,407: INFO: common: created directory at: artifacts]
[2024-07-05 18:06:24,407: INFO: common: created directory at: artifacts/data_ingestion]
[2024-07-05 18:06:24,408: INFO: data_ingestion: Inmgestion of the data is completed]
[2024-07-05 18:06:24,408: INFO: main: >>>>>> stage Data Ingestion stage completed <<<<<<

x==========x]
[2024-07-05 18:06:24,409: INFO: main: >>>>>> stage prepare base model stage started <<<<<<]
[2024-07-05 18:06:24,417: INFO: common: yaml file: config\config.yaml loaded successfully]
[2024-07-05 18:06:24,419: INFO: common: yaml file: params.yaml loaded successfully]
[2024-07-05 18:06:24,420: INFO: common: created directory at: artifacts]
[2024-07-05 18:06:24,420: INFO: common: created directory at: artifacts/prepare_base_model]
[2024-07-05 18:06:24,426: INFO: prepare_bsae_model: Read train and test data completed]
[2024-07-05 18:06:24,447: ERROR: main: name 'os' is not defined]
Traceback (most recent call last):
  File "C:\Users\Omar\Desktop\Omar_Files\Python_Analysis\EndToEndMachineLearningProjectAutoMobilePrice\main.py", line 28, in <module>
    obj.main()
  File "c:\users\omar\desktop\omar_files\python_analysis\endtoendmachinelearningprojectautomobileprice\src\AutoMobilePriceRegression\pipeline\stage_02_prepare_base_model.py", line 18, in main
    prepare_base_model.initiate_data_transformation()
  File "c:\users\omar\desktop\omar_files\python_analysis\endtoendmachinelearningprojectautomobileprice\src\AutoMobilePriceRegression\components\prepare_bsae_model.py", line 69, in initiate_data_transformation
    if not os.path.exists(self.config.train_data_path):
NameError: name 'os' is not defined
[2024-07-05 18:08:41,207: INFO: main: >>>>>> stage Data Ingestion stage started <<<<<<]
[2024-07-05 18:08:41,211: INFO: common: yaml file: config\config.yaml loaded successfully]
[2024-07-05 18:08:41,213: INFO: common: yaml file: params.yaml loaded successfully]
[2024-07-05 18:08:41,213: INFO: common: created directory at: artifacts]
[2024-07-05 18:08:41,214: INFO: common: created directory at: artifacts/data_ingestion]
[2024-07-05 18:08:41,215: INFO: data_ingestion: Inmgestion of the data is completed]
[2024-07-05 18:08:41,215: INFO: main: >>>>>> stage Data Ingestion stage completed <<<<<<

x==========x]
[2024-07-05 18:08:41,215: INFO: main: >>>>>> stage prepare base model stage started <<<<<<]
[2024-07-05 18:08:41,219: INFO: common: yaml file: config\config.yaml loaded successfully]
[2024-07-05 18:08:41,222: INFO: common: yaml file: params.yaml loaded successfully]
[2024-07-05 18:08:41,224: INFO: common: created directory at: artifacts]
[2024-07-05 18:08:41,224: INFO: common: created directory at: artifacts/prepare_base_model]
[2024-07-05 18:08:41,233: INFO: prepare_bsae_model: Read train and test data completed]
[2024-07-05 18:08:41,253: INFO: main: >>>>>> stage prepare base model stage completed <<<<<<

x==========x]
[2024-07-05 18:09:12,531: INFO: main: >>>>>> stage Data Ingestion stage started <<<<<<]
[2024-07-05 18:09:12,535: INFO: common: yaml file: config\config.yaml loaded successfully]
[2024-07-05 18:09:12,536: INFO: common: yaml file: params.yaml loaded successfully]
[2024-07-05 18:09:12,537: INFO: common: created directory at: artifacts]
[2024-07-05 18:09:12,537: INFO: common: created directory at: artifacts/data_ingestion]
[2024-07-05 18:09:12,538: INFO: data_ingestion: Inmgestion of the data is completed]
[2024-07-05 18:09:12,538: INFO: main: >>>>>> stage Data Ingestion stage completed <<<<<<

x==========x]
[2024-07-05 18:09:12,539: INFO: main: >>>>>> stage prepare base model stage started <<<<<<]
[2024-07-05 18:09:12,544: INFO: common: yaml file: config\config.yaml loaded successfully]
[2024-07-05 18:09:12,546: INFO: common: yaml file: params.yaml loaded successfully]
[2024-07-05 18:09:12,548: INFO: common: created directory at: artifacts]
[2024-07-05 18:09:12,548: INFO: common: created directory at: artifacts/prepare_base_model]
[2024-07-05 18:09:12,557: INFO: prepare_bsae_model: Read train and test data completed]
[2024-07-05 18:09:12,578: INFO: main: >>>>>> stage prepare base model stage completed <<<<<<

x==========x]
[2024-07-05 18:09:12,580: INFO: main: >>>>>> stage model Training stage started <<<<<<]
[2024-07-05 18:09:12,584: INFO: common: yaml file: config\config.yaml loaded successfully]
[2024-07-05 18:09:12,588: INFO: common: yaml file: params.yaml loaded successfully]
[2024-07-05 18:09:12,588: INFO: common: created directory at: artifacts]
[2024-07-05 18:09:12,588: ERROR: main: name 'os' is not defined]
Traceback (most recent call last):
  File "C:\Users\Omar\Desktop\Omar_Files\Python_Analysis\EndToEndMachineLearningProjectAutoMobilePrice\main.py", line 40, in <module>
    obj.main()
  File "c:\users\omar\desktop\omar_files\python_analysis\endtoendmachinelearningprojectautomobileprice\src\AutoMobilePriceRegression\pipeline\stage_03_training.py", line 15, in main
    training_config = config.get_training_config()
  File "c:\users\omar\desktop\omar_files\python_analysis\endtoendmachinelearningprojectautomobileprice\src\AutoMobilePriceRegression\config\configuration.py", line 61, in get_training_config
    training_data=os.path.join(self.config.data_ingestion.train_data_path,"train_data.csv")
NameError: name 'os' is not defined
[2024-07-05 18:10:11,547: INFO: main: >>>>>> stage Data Ingestion stage started <<<<<<]
[2024-07-05 18:10:11,551: INFO: common: yaml file: config\config.yaml loaded successfully]
[2024-07-05 18:10:11,553: INFO: common: yaml file: params.yaml loaded successfully]
[2024-07-05 18:10:11,554: INFO: common: created directory at: artifacts]
[2024-07-05 18:10:11,555: INFO: common: created directory at: artifacts/data_ingestion]
[2024-07-05 18:10:11,556: INFO: data_ingestion: Inmgestion of the data is completed]
[2024-07-05 18:10:11,556: INFO: main: >>>>>> stage Data Ingestion stage completed <<<<<<

x==========x]
[2024-07-05 18:10:11,558: INFO: main: >>>>>> stage prepare base model stage started <<<<<<]
[2024-07-05 18:10:11,565: INFO: common: yaml file: config\config.yaml loaded successfully]
[2024-07-05 18:10:11,568: INFO: common: yaml file: params.yaml loaded successfully]
[2024-07-05 18:10:11,569: INFO: common: created directory at: artifacts]
[2024-07-05 18:10:11,569: INFO: common: created directory at: artifacts/prepare_base_model]
[2024-07-05 18:10:11,575: INFO: prepare_bsae_model: Read train and test data completed]
[2024-07-05 18:10:11,596: INFO: main: >>>>>> stage prepare base model stage completed <<<<<<

x==========x]
[2024-07-05 18:10:11,597: INFO: main: >>>>>> stage model Training stage started <<<<<<]
[2024-07-05 18:10:11,601: INFO: common: yaml file: config\config.yaml loaded successfully]
[2024-07-05 18:10:11,603: INFO: common: yaml file: params.yaml loaded successfully]
[2024-07-05 18:10:11,604: INFO: common: created directory at: artifacts]
[2024-07-05 18:10:11,605: INFO: common: created directory at: artifacts/training]
[2024-07-05 18:10:11,743: INFO: main: >>>>>> stage model Training stage completed <<<<<<

x==========x]
[2024-07-05 19:09:29,666: INFO: common: yaml file: config\config.yaml loaded successfully]
[2024-07-05 19:09:29,670: INFO: common: yaml file: params.yaml loaded successfully]
[2024-07-05 19:09:29,672: INFO: common: created directory at: artifacts]
[2024-07-05 19:09:29,675: INFO: common: created directory at: artifacts/model_evaluation]
[2024-07-05 19:15:30,042: INFO: common: yaml file: config\config.yaml loaded successfully]
[2024-07-05 19:15:30,048: INFO: common: yaml file: params.yaml loaded successfully]
[2024-07-05 19:15:30,051: INFO: common: created directory at: artifacts]
[2024-07-05 19:15:30,053: INFO: common: created directory at: artifacts/model_evaluation]
[2024-07-05 19:15:50,511: INFO: common: yaml file: config\config.yaml loaded successfully]
[2024-07-05 19:15:50,516: INFO: common: yaml file: params.yaml loaded successfully]
[2024-07-05 19:15:50,520: INFO: common: created directory at: artifacts]
[2024-07-05 19:15:50,523: INFO: common: created directory at: artifacts/model_evaluation]
[2024-07-05 19:17:08,440: INFO: common: yaml file: config\config.yaml loaded successfully]
[2024-07-05 19:17:08,445: INFO: common: yaml file: params.yaml loaded successfully]
[2024-07-05 19:17:08,448: INFO: common: created directory at: artifacts]
[2024-07-05 19:17:08,451: INFO: common: created directory at: artifacts/model_evaluation]
[2024-07-05 19:17:08,474: INFO: common: json file saved at: scores.json]
[2024-07-05 19:40:47,719: INFO: main: >>>>>> stage Data Ingestion stage started <<<<<<]
[2024-07-05 19:40:47,724: INFO: common: yaml file: config\config.yaml loaded successfully]
[2024-07-05 19:40:47,725: INFO: common: yaml file: params.yaml loaded successfully]
[2024-07-05 19:40:47,725: INFO: common: created directory at: artifacts]
[2024-07-05 19:40:47,726: INFO: common: created directory at: artifacts/data_ingestion]
[2024-07-05 19:40:47,726: INFO: data_ingestion: Inmgestion of the data is completed]
[2024-07-05 19:40:47,726: INFO: main: >>>>>> stage Data Ingestion stage completed <<<<<<

x==========x]
[2024-07-05 19:40:47,727: INFO: main: >>>>>> stage prepare base model stage started <<<<<<]
[2024-07-05 19:40:47,734: INFO: common: yaml file: config\config.yaml loaded successfully]
[2024-07-05 19:40:47,737: INFO: common: yaml file: params.yaml loaded successfully]
[2024-07-05 19:40:47,738: INFO: common: created directory at: artifacts]
[2024-07-05 19:40:47,738: INFO: common: created directory at: artifacts/prepare_base_model]
[2024-07-05 19:40:47,744: INFO: prepare_bsae_model: Read train and test data completed]
[2024-07-05 19:40:47,763: INFO: main: >>>>>> stage prepare base model stage completed <<<<<<

x==========x]
[2024-07-05 19:40:47,764: INFO: main: >>>>>> stage model Training stage started <<<<<<]
[2024-07-05 19:40:47,768: INFO: common: yaml file: config\config.yaml loaded successfully]
[2024-07-05 19:40:47,770: INFO: common: yaml file: params.yaml loaded successfully]
[2024-07-05 19:40:47,771: INFO: common: created directory at: artifacts]
[2024-07-05 19:40:47,771: INFO: common: created directory at: artifacts/training]
[2024-07-05 19:40:47,872: INFO: main: >>>>>> stage model Training stage completed <<<<<<

x==========x]
[2024-07-05 19:40:47,873: INFO: main: >>>>>> stage model evaluation stage started <<<<<<]
[2024-07-05 19:40:47,877: INFO: common: yaml file: config\config.yaml loaded successfully]
[2024-07-05 19:40:47,878: INFO: common: yaml file: params.yaml loaded successfully]
[2024-07-05 19:40:47,879: INFO: common: created directory at: artifacts]
[2024-07-05 19:40:47,880: INFO: common: created directory at: artifacts/model_evaluation]
[2024-07-05 19:40:47,894: INFO: common: json file saved at: scores.json]
[2024-07-05 19:40:47,894: INFO: main: >>>>>> stage model evaluation stage completed <<<<<<

x==========x]
[2024-07-05 19:41:04,544: INFO: main: >>>>>> stage Data Ingestion stage started <<<<<<]
[2024-07-05 19:41:04,548: INFO: common: yaml file: config\config.yaml loaded successfully]
[2024-07-05 19:41:04,549: INFO: common: yaml file: params.yaml loaded successfully]
[2024-07-05 19:41:04,550: INFO: common: created directory at: artifacts]
[2024-07-05 19:41:04,550: INFO: common: created directory at: artifacts/data_ingestion]
[2024-07-05 19:41:04,551: INFO: data_ingestion: Inmgestion of the data is completed]
[2024-07-05 19:41:04,551: INFO: main: >>>>>> stage Data Ingestion stage completed <<<<<<

x==========x]
[2024-07-05 19:41:04,552: INFO: main: >>>>>> stage prepare base model stage started <<<<<<]
[2024-07-05 19:41:04,556: INFO: common: yaml file: config\config.yaml loaded successfully]
[2024-07-05 19:41:04,559: INFO: common: yaml file: params.yaml loaded successfully]
[2024-07-05 19:41:04,560: INFO: common: created directory at: artifacts]
[2024-07-05 19:41:04,561: INFO: common: created directory at: artifacts/prepare_base_model]
[2024-07-05 19:41:04,568: INFO: prepare_bsae_model: Read train and test data completed]
[2024-07-05 19:41:04,585: INFO: main: >>>>>> stage prepare base model stage completed <<<<<<

x==========x]
[2024-07-05 19:41:04,586: INFO: main: >>>>>> stage model Training stage started <<<<<<]
[2024-07-05 19:41:04,590: INFO: common: yaml file: config\config.yaml loaded successfully]
[2024-07-05 19:41:04,592: INFO: common: yaml file: params.yaml loaded successfully]
[2024-07-05 19:41:04,593: INFO: common: created directory at: artifacts]
[2024-07-05 19:41:04,594: INFO: common: created directory at: artifacts/training]
[2024-07-05 19:41:04,698: INFO: main: >>>>>> stage model Training stage completed <<<<<<

x==========x]
[2024-07-05 19:41:04,698: INFO: main: >>>>>> stage model evaluation stage started <<<<<<]
[2024-07-05 19:41:04,703: INFO: common: yaml file: config\config.yaml loaded successfully]
[2024-07-05 19:41:04,705: INFO: common: yaml file: params.yaml loaded successfully]
[2024-07-05 19:41:04,706: INFO: common: created directory at: artifacts]
[2024-07-05 19:41:04,706: INFO: common: created directory at: artifacts/model_evaluation]
[2024-07-05 19:41:04,719: INFO: common: json file saved at: scores.json]
[2024-07-05 19:41:04,720: INFO: main: >>>>>> stage model evaluation stage completed <<<<<<

x==========x]
[2024-07-12 14:07:24,910: INFO: main: >>>>>> stage Data Ingestion stage started <<<<<<]
[2024-07-12 14:07:24,955: INFO: common: yaml file: config\config.yaml loaded successfully]
[2024-07-12 14:07:24,978: INFO: common: yaml file: params.yaml loaded successfully]
[2024-07-12 14:07:24,980: INFO: common: created directory at: artifacts]
[2024-07-12 14:07:24,981: INFO: common: created directory at: artifacts/data_ingestion]
[2024-07-12 14:07:24,982: INFO: data_ingestion: Inmgestion of the data is completed]
[2024-07-12 14:07:24,982: INFO: main: >>>>>> stage Data Ingestion stage completed <<<<<<

x==========x]
[2024-07-12 14:07:24,983: INFO: main: >>>>>> stage prepare base model stage started <<<<<<]
[2024-07-12 14:07:24,992: INFO: common: yaml file: config\config.yaml loaded successfully]
[2024-07-12 14:07:24,996: INFO: common: yaml file: params.yaml loaded successfully]
[2024-07-12 14:07:24,997: INFO: common: created directory at: artifacts]
[2024-07-12 14:07:24,998: INFO: common: created directory at: artifacts/prepare_base_model]
[2024-07-12 14:07:25,030: INFO: prepare_bsae_model: Read train and test data completed]
[2024-07-12 14:07:25,061: INFO: main: >>>>>> stage prepare base model stage completed <<<<<<

x==========x]
[2024-07-12 14:07:25,062: INFO: main: >>>>>> stage model Training stage started <<<<<<]
[2024-07-12 14:07:25,067: INFO: common: yaml file: config\config.yaml loaded successfully]
[2024-07-12 14:07:25,070: INFO: common: yaml file: params.yaml loaded successfully]
[2024-07-12 14:07:25,071: INFO: common: created directory at: artifacts]
[2024-07-12 14:07:25,072: INFO: common: created directory at: artifacts/training]
[2024-07-12 14:07:25,215: INFO: main: >>>>>> stage model Training stage completed <<<<<<

x==========x]
[2024-07-12 14:07:25,216: INFO: main: >>>>>> stage model evaluation stage started <<<<<<]
[2024-07-12 14:07:25,219: INFO: common: yaml file: config\config.yaml loaded successfully]
[2024-07-12 14:07:25,221: INFO: common: yaml file: params.yaml loaded successfully]
[2024-07-12 14:07:25,222: INFO: common: created directory at: artifacts]
[2024-07-12 14:07:25,223: INFO: common: created directory at: artifacts/model_evaluation]
[2024-07-12 14:07:25,242: INFO: common: json file saved at: scores.json]
[2024-07-12 14:07:25,243: INFO: main: >>>>>> stage model evaluation stage completed <<<<<<

x==========x]
[2024-07-12 14:27:38,267: INFO: main: >>>>>> stage Data Ingestion stage started <<<<<<]
[2024-07-12 14:27:38,272: INFO: common: yaml file: config\config.yaml loaded successfully]
[2024-07-12 14:27:38,273: INFO: common: yaml file: params.yaml loaded successfully]
[2024-07-12 14:27:38,274: INFO: common: created directory at: artifacts]
[2024-07-12 14:27:38,275: INFO: common: created directory at: artifacts/data_ingestion]
[2024-07-12 14:27:38,275: INFO: data_ingestion: Inmgestion of the data is completed]
[2024-07-12 14:27:38,276: INFO: main: >>>>>> stage Data Ingestion stage completed <<<<<<

x==========x]
[2024-07-12 14:27:38,277: INFO: main: >>>>>> stage prepare base model stage started <<<<<<]
[2024-07-12 14:27:38,281: INFO: common: yaml file: config\config.yaml loaded successfully]
[2024-07-12 14:27:38,284: INFO: common: yaml file: params.yaml loaded successfully]
[2024-07-12 14:27:38,284: INFO: common: created directory at: artifacts]
[2024-07-12 14:27:38,285: INFO: common: created directory at: artifacts/prepare_base_model]
[2024-07-12 14:27:38,291: INFO: prepare_bsae_model: Read train and test data completed]
[2024-07-12 14:27:38,311: INFO: main: >>>>>> stage prepare base model stage completed <<<<<<

x==========x]
[2024-07-12 14:27:38,312: INFO: main: >>>>>> stage model Training stage started <<<<<<]
[2024-07-12 14:27:38,316: INFO: common: yaml file: config\config.yaml loaded successfully]
[2024-07-12 14:27:38,319: INFO: common: yaml file: params.yaml loaded successfully]
[2024-07-12 14:27:38,319: INFO: common: created directory at: artifacts]
[2024-07-12 14:27:38,320: INFO: common: created directory at: artifacts/training]
[2024-07-12 14:27:38,437: INFO: main: >>>>>> stage model Training stage completed <<<<<<

x==========x]
[2024-07-12 14:27:38,438: INFO: main: >>>>>> stage model evaluation stage started <<<<<<]
[2024-07-12 14:27:38,442: INFO: common: yaml file: config\config.yaml loaded successfully]
[2024-07-12 14:27:38,444: INFO: common: yaml file: params.yaml loaded successfully]
[2024-07-12 14:27:38,445: INFO: common: created directory at: artifacts]
[2024-07-12 14:27:38,446: INFO: common: created directory at: artifacts/model_evaluation]
[2024-07-12 14:27:38,478: INFO: common: json file saved at: scores.json]
[2024-07-12 14:27:38,479: INFO: main: >>>>>> stage model evaluation stage completed <<<<<<

x==========x]
[2024-07-12 14:34:59,469: INFO: _internal: [31m[1mWARNING: This is a development server. Do not use it in a production deployment. Use a production WSGI server instead.[0m
 * Running on all addresses (0.0.0.0)
 * Running on http://127.0.0.1:8080
 * Running on http://192.168.1.10:8080]
[2024-07-12 14:34:59,472: INFO: _internal: [33mPress CTRL+C to quit[0m]
[2024-07-12 14:34:59,479: INFO: _internal:  * Restarting with stat]
[2024-07-12 14:35:01,967: WARNING: _internal:  * Debugger is active!]
[2024-07-12 14:35:01,982: INFO: _internal:  * Debugger PIN: 169-877-089]
[2024-07-12 14:35:33,465: INFO: _internal: 127.0.0.1 - - [12/Jul/2024 14:35:33] "GET / HTTP/1.1" 200 -]
[2024-07-12 14:35:33,508: INFO: _internal: 127.0.0.1 - - [12/Jul/2024 14:35:33] "[33mGET /favicon.ico HTTP/1.1[0m" 404 -]
[2024-07-12 14:36:38,408: INFO: _internal: 127.0.0.1 - - [12/Jul/2024 14:36:38] "GET / HTTP/1.1" 200 -]
[2024-07-12 14:36:42,855: INFO: _internal: 127.0.0.1 - - [12/Jul/2024 14:36:42] "GET /members HTTP/1.1" 200 -]
[2024-07-12 14:36:48,244: INFO: _internal: 127.0.0.1 - - [12/Jul/2024 14:36:48] "GET / HTTP/1.1" 200 -]
[2024-07-12 14:40:38,119: INFO: _internal: [31m[1mWARNING: This is a development server. Do not use it in a production deployment. Use a production WSGI server instead.[0m
 * Running on all addresses (0.0.0.0)
 * Running on http://127.0.0.1:8080
 * Running on http://192.168.1.10:8080]
[2024-07-12 14:40:38,121: INFO: _internal: [33mPress CTRL+C to quit[0m]
[2024-07-12 14:40:38,128: INFO: _internal:  * Restarting with stat]
[2024-07-12 14:40:40,285: WARNING: _internal:  * Debugger is active!]
[2024-07-12 14:40:40,299: INFO: _internal:  * Debugger PIN: 169-877-089]
[2024-07-12 14:41:03,989: INFO: _internal: 127.0.0.1 - - [12/Jul/2024 14:41:03] "GET / HTTP/1.1" 200 -]
[2024-07-12 14:41:05,713: INFO: _internal: 127.0.0.1 - - [12/Jul/2024 14:41:05] "GET / HTTP/1.1" 200 -]
[2024-07-12 14:41:54,192: INFO: main: >>>>>> stage Data Ingestion stage started <<<<<<]
[2024-07-12 14:41:54,196: INFO: common: yaml file: config\config.yaml loaded successfully]
[2024-07-12 14:41:54,199: INFO: common: yaml file: params.yaml loaded successfully]
[2024-07-12 14:41:54,201: INFO: common: created directory at: artifacts]
[2024-07-12 14:41:54,202: INFO: common: created directory at: artifacts/data_ingestion]
[2024-07-12 14:41:54,204: INFO: data_ingestion: Inmgestion of the data is completed]
[2024-07-12 14:41:54,205: INFO: main: >>>>>> stage Data Ingestion stage completed <<<<<<

x==========x]
[2024-07-12 14:41:54,207: INFO: main: >>>>>> stage prepare base model stage started <<<<<<]
[2024-07-12 14:41:54,215: INFO: common: yaml file: config\config.yaml loaded successfully]
[2024-07-12 14:41:54,218: INFO: common: yaml file: params.yaml loaded successfully]
[2024-07-12 14:41:54,220: INFO: common: created directory at: artifacts]
[2024-07-12 14:41:54,221: INFO: common: created directory at: artifacts/prepare_base_model]
[2024-07-12 14:41:54,235: INFO: prepare_bsae_model: Read train and test data completed]
[2024-07-12 14:41:54,257: INFO: main: >>>>>> stage prepare base model stage completed <<<<<<

x==========x]
[2024-07-12 14:41:54,259: INFO: main: >>>>>> stage model Training stage started <<<<<<]
[2024-07-12 14:41:54,263: INFO: common: yaml file: config\config.yaml loaded successfully]
[2024-07-12 14:41:54,266: INFO: common: yaml file: params.yaml loaded successfully]
[2024-07-12 14:41:54,267: INFO: common: created directory at: artifacts]
[2024-07-12 14:41:54,269: INFO: common: created directory at: artifacts/training]
[2024-07-12 14:41:54,385: INFO: main: >>>>>> stage model Training stage completed <<<<<<

x==========x]
[2024-07-12 14:41:54,386: INFO: main: >>>>>> stage model evaluation stage started <<<<<<]
[2024-07-12 14:41:54,391: INFO: common: yaml file: config\config.yaml loaded successfully]
[2024-07-12 14:41:54,394: INFO: common: yaml file: params.yaml loaded successfully]
[2024-07-12 14:41:54,396: INFO: common: created directory at: artifacts]
[2024-07-12 14:41:54,397: INFO: common: created directory at: artifacts/model_evaluation]
[2024-07-12 14:41:54,432: INFO: common: json file saved at: scores.json]
[2024-07-12 14:41:54,434: INFO: main: >>>>>> stage model evaluation stage completed <<<<<<

x==========x]
[2024-07-12 14:41:54,629: INFO: _internal: 127.0.0.1 - - [12/Jul/2024 14:41:54] "GET /train HTTP/1.1" 200 -]
[2024-07-12 14:42:08,828: INFO: main: >>>>>> stage Data Ingestion stage started <<<<<<]
[2024-07-12 14:42:08,835: INFO: common: yaml file: config\config.yaml loaded successfully]
[2024-07-12 14:42:08,838: INFO: common: yaml file: params.yaml loaded successfully]
[2024-07-12 14:42:08,840: INFO: common: created directory at: artifacts]
[2024-07-12 14:42:08,841: INFO: common: created directory at: artifacts/data_ingestion]
[2024-07-12 14:42:08,842: INFO: data_ingestion: Inmgestion of the data is completed]
[2024-07-12 14:42:08,843: INFO: main: >>>>>> stage Data Ingestion stage completed <<<<<<

x==========x]
[2024-07-12 14:42:08,845: INFO: main: >>>>>> stage prepare base model stage started <<<<<<]
[2024-07-12 14:42:08,853: INFO: common: yaml file: config\config.yaml loaded successfully]
[2024-07-12 14:42:08,856: INFO: common: yaml file: params.yaml loaded successfully]
[2024-07-12 14:42:08,857: INFO: common: created directory at: artifacts]
[2024-07-12 14:42:08,859: INFO: common: created directory at: artifacts/prepare_base_model]
[2024-07-12 14:42:08,868: INFO: prepare_bsae_model: Read train and test data completed]
[2024-07-12 14:42:08,888: INFO: main: >>>>>> stage prepare base model stage completed <<<<<<

x==========x]
[2024-07-12 14:42:08,890: INFO: main: >>>>>> stage model Training stage started <<<<<<]
[2024-07-12 14:42:08,898: INFO: common: yaml file: config\config.yaml loaded successfully]
[2024-07-12 14:42:08,902: INFO: common: yaml file: params.yaml loaded successfully]
[2024-07-12 14:42:08,903: INFO: common: created directory at: artifacts]
[2024-07-12 14:42:08,904: INFO: common: created directory at: artifacts/training]
[2024-07-12 14:42:09,028: INFO: main: >>>>>> stage model Training stage completed <<<<<<

x==========x]
[2024-07-12 14:42:09,030: INFO: main: >>>>>> stage model evaluation stage started <<<<<<]
[2024-07-12 14:42:09,037: INFO: common: yaml file: config\config.yaml loaded successfully]
[2024-07-12 14:42:09,041: INFO: common: yaml file: params.yaml loaded successfully]
[2024-07-12 14:42:09,042: INFO: common: created directory at: artifacts]
[2024-07-12 14:42:09,043: INFO: common: created directory at: artifacts/model_evaluation]
[2024-07-12 14:42:09,073: INFO: common: json file saved at: scores.json]
[2024-07-12 14:42:09,074: INFO: main: >>>>>> stage model evaluation stage completed <<<<<<

x==========x]
[2024-07-12 14:42:09,268: INFO: _internal: 127.0.0.1 - - [12/Jul/2024 14:42:09] "GET /train HTTP/1.1" 200 -]
[2024-07-12 14:43:28,407: INFO: main: >>>>>> stage Data Ingestion stage started <<<<<<]
[2024-07-12 14:43:28,413: INFO: common: yaml file: config\config.yaml loaded successfully]
[2024-07-12 14:43:28,415: INFO: common: yaml file: params.yaml loaded successfully]
[2024-07-12 14:43:28,416: INFO: common: created directory at: artifacts]
[2024-07-12 14:43:28,417: INFO: common: created directory at: artifacts/data_ingestion]
[2024-07-12 14:43:28,462: INFO: main: >>>>>> stage Data Ingestion stage completed <<<<<<

x==========x]
[2024-07-12 14:43:28,463: INFO: main: >>>>>> stage prepare base model stage started <<<<<<]
[2024-07-12 14:43:28,468: INFO: common: yaml file: config\config.yaml loaded successfully]
[2024-07-12 14:43:28,470: INFO: common: yaml file: params.yaml loaded successfully]
[2024-07-12 14:43:28,471: INFO: common: created directory at: artifacts]
[2024-07-12 14:43:28,473: INFO: common: created directory at: artifacts/prepare_base_model]
[2024-07-12 14:43:28,500: INFO: prepare_bsae_model: Read train and test data completed]
[2024-07-12 14:43:28,536: INFO: main: >>>>>> stage prepare base model stage completed <<<<<<

x==========x]
[2024-07-12 14:43:28,537: INFO: main: >>>>>> stage model Training stage started <<<<<<]
[2024-07-12 14:43:28,543: INFO: common: yaml file: config\config.yaml loaded successfully]
[2024-07-12 14:43:28,545: INFO: common: yaml file: params.yaml loaded successfully]
[2024-07-12 14:43:28,546: INFO: common: created directory at: artifacts]
[2024-07-12 14:43:28,548: INFO: common: created directory at: artifacts/training]
[2024-07-12 14:43:28,700: INFO: main: >>>>>> stage model Training stage completed <<<<<<

x==========x]
[2024-07-12 14:43:28,702: INFO: main: >>>>>> stage model evaluation stage started <<<<<<]
[2024-07-12 14:43:28,711: INFO: common: yaml file: config\config.yaml loaded successfully]
[2024-07-12 14:43:28,714: INFO: common: yaml file: params.yaml loaded successfully]
[2024-07-12 14:43:28,715: INFO: common: created directory at: artifacts]
[2024-07-12 14:43:28,717: INFO: common: created directory at: artifacts/model_evaluation]
[2024-07-12 14:43:28,751: INFO: common: json file saved at: scores.json]
[2024-07-12 14:43:28,752: INFO: main: >>>>>> stage model evaluation stage completed <<<<<<

x==========x]
[2024-07-12 14:43:28,975: INFO: _internal: 127.0.0.1 - - [12/Jul/2024 14:43:28] "GET /train HTTP/1.1" 200 -]
[2024-07-12 15:01:33,029: INFO: _internal:  * Detected change in 'C:\\Users\\Omar\\Desktop\\Omar_Files\\Python_Analysis\\EndToEndMachineLearningProjectAutoMobilePrice\\app.py', reloading]
[2024-07-12 15:01:33,239: INFO: _internal:  * Restarting with stat]
[2024-07-12 15:01:36,900: WARNING: _internal:  * Debugger is active!]
[2024-07-12 15:01:36,937: INFO: _internal:  * Debugger PIN: 169-877-089]
[2024-07-12 15:01:55,498: INFO: main: >>>>>> stage Data Ingestion stage started <<<<<<]
[2024-07-12 15:01:55,502: INFO: common: yaml file: config\config.yaml loaded successfully]
[2024-07-12 15:01:55,504: INFO: common: yaml file: params.yaml loaded successfully]
[2024-07-12 15:01:55,505: INFO: common: created directory at: artifacts]
[2024-07-12 15:01:55,505: INFO: common: created directory at: artifacts/data_ingestion]
[2024-07-12 15:01:55,506: INFO: data_ingestion: Inmgestion of the data is completed]
[2024-07-12 15:01:55,507: INFO: main: >>>>>> stage Data Ingestion stage completed <<<<<<

x==========x]
[2024-07-12 15:01:55,507: INFO: main: >>>>>> stage prepare base model stage started <<<<<<]
[2024-07-12 15:01:55,511: INFO: common: yaml file: config\config.yaml loaded successfully]
[2024-07-12 15:01:55,514: INFO: common: yaml file: params.yaml loaded successfully]
[2024-07-12 15:01:55,515: INFO: common: created directory at: artifacts]
[2024-07-12 15:01:55,515: INFO: common: created directory at: artifacts/prepare_base_model]
[2024-07-12 15:01:55,525: INFO: prepare_bsae_model: Read train and test data completed]
[2024-07-12 15:01:55,547: INFO: main: >>>>>> stage prepare base model stage completed <<<<<<

x==========x]
[2024-07-12 15:01:55,548: INFO: main: >>>>>> stage model Training stage started <<<<<<]
[2024-07-12 15:01:55,553: INFO: common: yaml file: config\config.yaml loaded successfully]
[2024-07-12 15:01:55,555: INFO: common: yaml file: params.yaml loaded successfully]
[2024-07-12 15:01:55,556: INFO: common: created directory at: artifacts]
[2024-07-12 15:01:55,557: INFO: common: created directory at: artifacts/training]
[2024-07-12 15:01:55,719: INFO: main: >>>>>> stage model Training stage completed <<<<<<

x==========x]
[2024-07-12 15:01:55,720: INFO: main: >>>>>> stage model evaluation stage started <<<<<<]
[2024-07-12 15:01:55,725: INFO: common: yaml file: config\config.yaml loaded successfully]
[2024-07-12 15:01:55,727: INFO: common: yaml file: params.yaml loaded successfully]
[2024-07-12 15:01:55,729: INFO: common: created directory at: artifacts]
[2024-07-12 15:01:55,730: INFO: common: created directory at: artifacts/model_evaluation]
[2024-07-12 15:01:55,762: INFO: common: json file saved at: scores.json]
[2024-07-12 15:01:55,762: INFO: main: >>>>>> stage model evaluation stage completed <<<<<<

x==========x]
[2024-07-12 15:01:56,028: INFO: _internal: 127.0.0.1 - - [12/Jul/2024 15:01:56] "GET /train HTTP/1.1" 200 -]
[2024-07-12 15:02:06,712: INFO: _internal: 127.0.0.1 - - [12/Jul/2024 15:02:06] "[33mGET /homepage HTTP/1.1[0m" 404 -]
[2024-07-12 15:02:25,385: INFO: _internal: [31m[1mWARNING: This is a development server. Do not use it in a production deployment. Use a production WSGI server instead.[0m
 * Running on all addresses (0.0.0.0)
 * Running on http://127.0.0.1:8080
 * Running on http://192.168.1.10:8080]
[2024-07-12 15:02:25,388: INFO: _internal: [33mPress CTRL+C to quit[0m]
[2024-07-12 15:02:25,398: INFO: _internal:  * Restarting with stat]
[2024-07-12 15:02:27,563: WARNING: _internal:  * Debugger is active!]
[2024-07-12 15:02:27,576: INFO: _internal:  * Debugger PIN: 169-877-089]
[2024-07-12 15:02:30,874: INFO: _internal: 127.0.0.1 - - [12/Jul/2024 15:02:30] "GET / HTTP/1.1" 200 -]
[2024-07-12 15:02:30,893: INFO: _internal: 127.0.0.1 - - [12/Jul/2024 15:02:30] "[33mGET /static/css/styles.css HTTP/1.1[0m" 404 -]
[2024-07-12 15:02:30,896: INFO: _internal: 127.0.0.1 - - [12/Jul/2024 15:02:30] "[33mGET /static/css2/nunito-font.css HTTP/1.1[0m" 404 -]
[2024-07-12 15:02:30,897: INFO: _internal: 127.0.0.1 - - [12/Jul/2024 15:02:30] "[33mGET /static/css2/style.css HTTP/1.1[0m" 404 -]
[2024-07-12 15:02:30,902: INFO: _internal: 127.0.0.1 - - [12/Jul/2024 15:02:30] "[33mGET /static/js/scripts.js HTTP/1.1[0m" 404 -]
[2024-07-12 15:02:31,533: INFO: _internal: 127.0.0.1 - - [12/Jul/2024 15:02:31] "[33mGET /static/assets/img/wine.jpg HTTP/1.1[0m" 404 -]
[2024-07-12 15:02:31,632: INFO: _internal: 127.0.0.1 - - [12/Jul/2024 15:02:31] "[33mGET /static/assets/img/form-v9.jpg HTTP/1.1[0m" 404 -]
[2024-07-12 15:02:31,744: INFO: _internal: 127.0.0.1 - - [12/Jul/2024 15:02:31] "[33mGET /static/assets/favicon.ico HTTP/1.1[0m" 404 -]
[2024-07-12 15:06:03,709: INFO: _internal: 127.0.0.1 - - [12/Jul/2024 15:06:03] "GET / HTTP/1.1" 200 -]
[2024-07-12 15:06:03,732: INFO: _internal: 127.0.0.1 - - [12/Jul/2024 15:06:03] "[33mGET /static/css2/nunito-font.css HTTP/1.1[0m" 404 -]
[2024-07-12 15:06:03,734: INFO: _internal: 127.0.0.1 - - [12/Jul/2024 15:06:03] "[33mGET /static/css/styles.css HTTP/1.1[0m" 404 -]
[2024-07-12 15:06:03,739: INFO: _internal: 127.0.0.1 - - [12/Jul/2024 15:06:03] "[33mGET /static/css2/style.css HTTP/1.1[0m" 404 -]
[2024-07-12 15:06:03,742: INFO: _internal: 127.0.0.1 - - [12/Jul/2024 15:06:03] "[33mGET /static/js/scripts.js HTTP/1.1[0m" 404 -]
[2024-07-12 15:06:03,759: INFO: _internal: 127.0.0.1 - - [12/Jul/2024 15:06:03] "[33mGET /static/assets/img/wine.jpg HTTP/1.1[0m" 404 -]
[2024-07-12 15:06:03,762: INFO: _internal: 127.0.0.1 - - [12/Jul/2024 15:06:03] "[33mGET /static/assets/img/form-v9.jpg HTTP/1.1[0m" 404 -]
[2024-07-12 15:06:07,374: INFO: _internal: 127.0.0.1 - - [12/Jul/2024 15:06:07] "GET / HTTP/1.1" 200 -]
[2024-07-12 15:06:07,389: INFO: _internal: 127.0.0.1 - - [12/Jul/2024 15:06:07] "[33mGET /static/css/styles.css HTTP/1.1[0m" 404 -]
[2024-07-12 15:06:07,390: INFO: _internal: 127.0.0.1 - - [12/Jul/2024 15:06:07] "[33mGET /static/css2/nunito-font.css HTTP/1.1[0m" 404 -]
[2024-07-12 15:06:07,393: INFO: _internal: 127.0.0.1 - - [12/Jul/2024 15:06:07] "[33mGET /static/css2/style.css HTTP/1.1[0m" 404 -]
[2024-07-12 15:06:07,397: INFO: _internal: 127.0.0.1 - - [12/Jul/2024 15:06:07] "[33mGET /static/js/scripts.js HTTP/1.1[0m" 404 -]
[2024-07-12 15:06:07,401: INFO: _internal: 127.0.0.1 - - [12/Jul/2024 15:06:07] "[33mGET /static/assets/img/wine.jpg HTTP/1.1[0m" 404 -]
[2024-07-12 15:06:07,407: INFO: _internal: 127.0.0.1 - - [12/Jul/2024 15:06:07] "[33mGET /static/assets/img/form-v9.jpg HTTP/1.1[0m" 404 -]
[2024-07-12 15:06:23,733: INFO: _internal: [31m[1mWARNING: This is a development server. Do not use it in a production deployment. Use a production WSGI server instead.[0m
 * Running on all addresses (0.0.0.0)
 * Running on http://127.0.0.1:8080
 * Running on http://192.168.1.10:8080]
[2024-07-12 15:06:23,734: INFO: _internal: [33mPress CTRL+C to quit[0m]
[2024-07-12 15:06:23,741: INFO: _internal:  * Restarting with stat]
[2024-07-12 15:06:27,412: WARNING: _internal:  * Debugger is active!]
[2024-07-12 15:06:27,457: INFO: _internal:  * Debugger PIN: 169-877-089]
[2024-07-12 15:06:31,630: INFO: _internal: 127.0.0.1 - - [12/Jul/2024 15:06:31] "GET / HTTP/1.1" 200 -]
[2024-07-12 15:06:31,649: INFO: _internal: 127.0.0.1 - - [12/Jul/2024 15:06:31] "[33mGET /static/js/scripts.js HTTP/1.1[0m" 404 -]
[2024-07-12 15:06:31,654: INFO: _internal: 127.0.0.1 - - [12/Jul/2024 15:06:31] "[33mGET /static/css/styles.css HTTP/1.1[0m" 404 -]
[2024-07-12 15:06:31,657: INFO: _internal: 127.0.0.1 - - [12/Jul/2024 15:06:31] "[33mGET /static/css2/nunito-font.css HTTP/1.1[0m" 404 -]
[2024-07-12 15:06:31,662: INFO: _internal: 127.0.0.1 - - [12/Jul/2024 15:06:31] "[33mGET /static/css2/style.css HTTP/1.1[0m" 404 -]
[2024-07-12 15:06:31,694: INFO: _internal: 127.0.0.1 - - [12/Jul/2024 15:06:31] "[33mGET /static/assets/img/wine.jpg HTTP/1.1[0m" 404 -]
[2024-07-12 15:06:31,698: INFO: _internal: 127.0.0.1 - - [12/Jul/2024 15:06:31] "[33mGET /static/assets/img/form-v9.jpg HTTP/1.1[0m" 404 -]
[2024-07-12 15:07:13,657: INFO: _internal: [31m[1mWARNING: This is a development server. Do not use it in a production deployment. Use a production WSGI server instead.[0m
 * Running on all addresses (0.0.0.0)
 * Running on http://127.0.0.1:8080
 * Running on http://192.168.1.10:8080]
[2024-07-12 15:07:13,660: INFO: _internal: [33mPress CTRL+C to quit[0m]
[2024-07-12 15:07:13,668: INFO: _internal:  * Restarting with stat]
[2024-07-12 15:07:15,811: WARNING: _internal:  * Debugger is active!]
[2024-07-12 15:07:15,823: INFO: _internal:  * Debugger PIN: 169-877-089]
[2024-07-12 15:07:20,029: INFO: _internal: 127.0.0.1 - - [12/Jul/2024 15:07:20] "GET / HTTP/1.1" 200 -]
[2024-07-12 15:07:20,051: INFO: _internal: 127.0.0.1 - - [12/Jul/2024 15:07:20] "[33mGET /static/css2/nunito-font.css HTTP/1.1[0m" 404 -]
[2024-07-12 15:07:20,054: INFO: _internal: 127.0.0.1 - - [12/Jul/2024 15:07:20] "[33mGET /static/css2/style.css HTTP/1.1[0m" 404 -]
[2024-07-12 15:07:20,059: INFO: _internal: 127.0.0.1 - - [12/Jul/2024 15:07:20] "[33mGET /static/js/scripts.js HTTP/1.1[0m" 404 -]
[2024-07-12 15:07:20,150: INFO: _internal: 127.0.0.1 - - [12/Jul/2024 15:07:20] "GET /static/css/styles.css HTTP/1.1" 200 -]
[2024-07-12 15:07:20,171: INFO: _internal: 127.0.0.1 - - [12/Jul/2024 15:07:20] "[33mGET /static/assets/img/wine.jpg HTTP/1.1[0m" 404 -]
[2024-07-12 15:07:20,174: INFO: _internal: 127.0.0.1 - - [12/Jul/2024 15:07:20] "[33mGET /static/assets/img/form-v9.jpg HTTP/1.1[0m" 404 -]
[2024-07-12 15:09:40,711: INFO: _internal: 127.0.0.1 - - [12/Jul/2024 15:09:40] "GET / HTTP/1.1" 200 -]
[2024-07-12 15:09:40,734: INFO: _internal: 127.0.0.1 - - [12/Jul/2024 15:09:40] "[36mGET /static/css/styles.css HTTP/1.1[0m" 304 -]
[2024-07-12 15:09:40,743: INFO: _internal: 127.0.0.1 - - [12/Jul/2024 15:09:40] "GET /static/css2/style.css HTTP/1.1" 200 -]
[2024-07-12 15:09:40,745: INFO: _internal: 127.0.0.1 - - [12/Jul/2024 15:09:40] "[33mGET /static/js/scripts.js HTTP/1.1[0m" 404 -]
[2024-07-12 15:09:40,755: INFO: _internal: 127.0.0.1 - - [12/Jul/2024 15:09:40] "GET /static/css2/nunito-font.css HTTP/1.1" 200 -]
[2024-07-12 15:09:40,756: INFO: _internal: 127.0.0.1 - - [12/Jul/2024 15:09:40] "[33mGET /static/assets/img/wine.jpg HTTP/1.1[0m" 404 -]
[2024-07-12 15:09:40,769: INFO: _internal: 127.0.0.1 - - [12/Jul/2024 15:09:40] "[33mGET /static/assets/img/form-v9.jpg HTTP/1.1[0m" 404 -]
[2024-07-12 15:10:05,505: INFO: _internal: 127.0.0.1 - - [12/Jul/2024 15:10:05] "GET / HTTP/1.1" 200 -]
[2024-07-12 15:10:05,528: INFO: _internal: 127.0.0.1 - - [12/Jul/2024 15:10:05] "[36mGET /static/css/styles.css HTTP/1.1[0m" 304 -]
[2024-07-12 15:10:05,530: INFO: _internal: 127.0.0.1 - - [12/Jul/2024 15:10:05] "[36mGET /static/css2/nunito-font.css HTTP/1.1[0m" 304 -]
[2024-07-12 15:10:05,538: INFO: _internal: 127.0.0.1 - - [12/Jul/2024 15:10:05] "[33mGET /static/js/scripts.js HTTP/1.1[0m" 404 -]
[2024-07-12 15:10:05,548: INFO: _internal: 127.0.0.1 - - [12/Jul/2024 15:10:05] "GET /static/css2/style.css HTTP/1.1" 200 -]
[2024-07-12 15:10:05,553: INFO: _internal: 127.0.0.1 - - [12/Jul/2024 15:10:05] "[33mGET /static/assets/img/wine.jpg HTTP/1.1[0m" 404 -]
[2024-07-12 15:10:05,561: INFO: _internal: 127.0.0.1 - - [12/Jul/2024 15:10:05] "[33mGET /static/assets/img/form-v9.jpg HTTP/1.1[0m" 404 -]
[2024-07-12 15:10:05,576: INFO: _internal: 127.0.0.1 - - [12/Jul/2024 15:10:05] "[33mGET /static/fonts/Nunito/Nunito-Bold.ttf HTTP/1.1[0m" 404 -]
[2024-07-12 15:11:39,789: INFO: _internal: 127.0.0.1 - - [12/Jul/2024 15:11:39] "GET / HTTP/1.1" 200 -]
[2024-07-12 15:11:39,814: INFO: _internal: 127.0.0.1 - - [12/Jul/2024 15:11:39] "[36mGET /static/css/styles.css HTTP/1.1[0m" 304 -]
[2024-07-12 15:11:39,826: INFO: _internal: 127.0.0.1 - - [12/Jul/2024 15:11:39] "[36mGET /static/css2/nunito-font.css HTTP/1.1[0m" 304 -]
[2024-07-12 15:11:39,829: INFO: _internal: 127.0.0.1 - - [12/Jul/2024 15:11:39] "[36mGET /static/css2/style.css HTTP/1.1[0m" 304 -]
[2024-07-12 15:11:39,850: INFO: _internal: 127.0.0.1 - - [12/Jul/2024 15:11:39] "[33mGET /static/assets/img/wine.jpg HTTP/1.1[0m" 404 -]
[2024-07-12 15:11:39,853: INFO: _internal: 127.0.0.1 - - [12/Jul/2024 15:11:39] "[33mGET /static/assets/img/form-v9.jpg HTTP/1.1[0m" 404 -]
[2024-07-12 15:11:39,868: INFO: _internal: 127.0.0.1 - - [12/Jul/2024 15:11:39] "[33mGET /static/fonts/Nunito/Nunito-Bold.ttf HTTP/1.1[0m" 404 -]
[2024-07-12 15:11:39,871: INFO: _internal: 127.0.0.1 - - [12/Jul/2024 15:11:39] "GET /static/js/scripts.js HTTP/1.1" 200 -]
[2024-07-12 15:11:41,894: INFO: _internal: 127.0.0.1 - - [12/Jul/2024 15:11:41] "GET / HTTP/1.1" 200 -]
[2024-07-12 15:11:41,918: INFO: _internal: 127.0.0.1 - - [12/Jul/2024 15:11:41] "[36mGET /static/css/styles.css HTTP/1.1[0m" 304 -]
[2024-07-12 15:11:41,927: INFO: _internal: 127.0.0.1 - - [12/Jul/2024 15:11:41] "[36mGET /static/css2/nunito-font.css HTTP/1.1[0m" 304 -]
[2024-07-12 15:11:41,930: INFO: _internal: 127.0.0.1 - - [12/Jul/2024 15:11:41] "[36mGET /static/css2/style.css HTTP/1.1[0m" 304 -]
[2024-07-12 15:11:41,934: INFO: _internal: 127.0.0.1 - - [12/Jul/2024 15:11:41] "[36mGET /static/js/scripts.js HTTP/1.1[0m" 304 -]
[2024-07-12 15:11:41,936: INFO: _internal: 127.0.0.1 - - [12/Jul/2024 15:11:41] "[33mGET /static/assets/img/wine.jpg HTTP/1.1[0m" 404 -]
[2024-07-12 15:11:41,947: INFO: _internal: 127.0.0.1 - - [12/Jul/2024 15:11:41] "[33mGET /static/assets/img/form-v9.jpg HTTP/1.1[0m" 404 -]
[2024-07-12 15:11:41,951: INFO: _internal: 127.0.0.1 - - [12/Jul/2024 15:11:41] "[33mGET /static/fonts/Nunito/Nunito-Bold.ttf HTTP/1.1[0m" 404 -]
[2024-07-12 15:23:25,446: INFO: _internal:  * Detected change in 'C:\\Users\\Omar\\Desktop\\Omar_Files\\Python_Analysis\\EndToEndMachineLearningProjectAutoMobilePrice\\app.py', reloading]
[2024-07-12 15:23:25,687: INFO: _internal:  * Restarting with stat]
[2024-07-12 15:23:30,230: WARNING: _internal:  * Debugger is active!]
[2024-07-12 15:23:30,267: INFO: _internal:  * Debugger PIN: 169-877-089]
[2024-07-12 15:23:33,232: INFO: _internal: 127.0.0.1 - - [12/Jul/2024 15:23:33] "GET / HTTP/1.1" 200 -]
[2024-07-12 15:23:33,436: INFO: _internal: 127.0.0.1 - - [12/Jul/2024 15:23:33] "[36mGET /static/css2/style.css HTTP/1.1[0m" 304 -]
[2024-07-12 15:23:33,438: INFO: _internal: 127.0.0.1 - - [12/Jul/2024 15:23:33] "[36mGET /static/js/scripts.js HTTP/1.1[0m" 304 -]
[2024-07-12 15:23:33,442: INFO: _internal: 127.0.0.1 - - [12/Jul/2024 15:23:33] "[36mGET /static/css/styles.css HTTP/1.1[0m" 304 -]
[2024-07-12 15:23:33,444: INFO: _internal: 127.0.0.1 - - [12/Jul/2024 15:23:33] "[36mGET /static/css2/nunito-font.css HTTP/1.1[0m" 304 -]
[2024-07-12 15:23:33,459: INFO: _internal: 127.0.0.1 - - [12/Jul/2024 15:23:33] "[33mGET /static/assets/img/wine.jpg HTTP/1.1[0m" 404 -]
[2024-07-12 15:23:33,473: INFO: _internal: 127.0.0.1 - - [12/Jul/2024 15:23:33] "[33mGET /static/assets/img/form-v9.jpg HTTP/1.1[0m" 404 -]
[2024-07-12 15:23:33,478: INFO: _internal: 127.0.0.1 - - [12/Jul/2024 15:23:33] "[33mGET /static/fonts/Nunito/Nunito-Bold.ttf HTTP/1.1[0m" 404 -]
[2024-07-12 15:23:38,486: INFO: _internal: 127.0.0.1 - - [12/Jul/2024 15:23:38] "GET /predict HTTP/1.1" 200 -]
[2024-07-12 15:23:38,512: INFO: _internal: 127.0.0.1 - - [12/Jul/2024 15:23:38] "[36mGET /static/css/styles.css HTTP/1.1[0m" 304 -]
[2024-07-12 15:23:38,514: INFO: _internal: 127.0.0.1 - - [12/Jul/2024 15:23:38] "[36mGET /static/css2/nunito-font.css HTTP/1.1[0m" 304 -]
[2024-07-12 15:23:38,519: INFO: _internal: 127.0.0.1 - - [12/Jul/2024 15:23:38] "[36mGET /static/css2/style.css HTTP/1.1[0m" 304 -]
[2024-07-12 15:23:38,521: INFO: _internal: 127.0.0.1 - - [12/Jul/2024 15:23:38] "[36mGET /static/js/scripts.js HTTP/1.1[0m" 304 -]
[2024-07-12 15:23:38,537: INFO: _internal: 127.0.0.1 - - [12/Jul/2024 15:23:38] "[33mGET /static/assets/img/wine.jpg HTTP/1.1[0m" 404 -]
[2024-07-12 15:23:38,539: INFO: _internal: 127.0.0.1 - - [12/Jul/2024 15:23:38] "[33mGET /static/assets/img/form-v9.jpg HTTP/1.1[0m" 404 -]
[2024-07-12 15:23:38,544: INFO: _internal: 127.0.0.1 - - [12/Jul/2024 15:23:38] "[33mGET /static/fonts/Nunito/Nunito-Bold.ttf HTTP/1.1[0m" 404 -]
[2024-07-12 15:24:50,378: INFO: _internal:  * Detected change in 'C:\\Users\\Omar\\Desktop\\Omar_Files\\Python_Analysis\\EndToEndMachineLearningProjectAutoMobilePrice\\src\\AutoMobilePriceRegression\\pipeline\\stage_05_prediction.py', reloading]
[2024-07-12 15:24:50,609: INFO: _internal:  * Restarting with stat]
[2024-07-12 15:24:52,911: WARNING: _internal:  * Debugger is active!]
[2024-07-12 15:24:52,926: INFO: _internal:  * Debugger PIN: 169-877-089]
[2024-07-12 15:24:55,782: INFO: _internal: 127.0.0.1 - - [12/Jul/2024 15:24:55] "GET /predict HTTP/1.1" 200 -]
[2024-07-12 15:24:55,984: INFO: _internal: 127.0.0.1 - - [12/Jul/2024 15:24:55] "[36mGET /static/css2/nunito-font.css HTTP/1.1[0m" 304 -]
[2024-07-12 15:24:55,989: INFO: _internal: 127.0.0.1 - - [12/Jul/2024 15:24:55] "[36mGET /static/css/styles.css HTTP/1.1[0m" 304 -]
[2024-07-12 15:24:55,992: INFO: _internal: 127.0.0.1 - - [12/Jul/2024 15:24:55] "[36mGET /static/css2/style.css HTTP/1.1[0m" 304 -]
[2024-07-12 15:24:55,994: INFO: _internal: 127.0.0.1 - - [12/Jul/2024 15:24:55] "[36mGET /static/js/scripts.js HTTP/1.1[0m" 304 -]
[2024-07-12 15:24:56,001: INFO: _internal: 127.0.0.1 - - [12/Jul/2024 15:24:56] "[33mGET /static/assets/img/wine.jpg HTTP/1.1[0m" 404 -]
[2024-07-12 15:24:56,013: INFO: _internal: 127.0.0.1 - - [12/Jul/2024 15:24:56] "[33mGET /static/assets/img/form-v9.jpg HTTP/1.1[0m" 404 -]
[2024-07-12 15:24:56,019: INFO: _internal: 127.0.0.1 - - [12/Jul/2024 15:24:56] "[33mGET /static/fonts/Nunito/Nunito-Bold.ttf HTTP/1.1[0m" 404 -]
[2024-07-12 15:25:10,401: INFO: _internal: 127.0.0.1 - - [12/Jul/2024 15:25:10] "GET / HTTP/1.1" 200 -]
[2024-07-12 15:25:10,440: INFO: _internal: 127.0.0.1 - - [12/Jul/2024 15:25:10] "[36mGET /static/css/styles.css HTTP/1.1[0m" 304 -]
[2024-07-12 15:25:10,442: INFO: _internal: 127.0.0.1 - - [12/Jul/2024 15:25:10] "[36mGET /static/css2/nunito-font.css HTTP/1.1[0m" 304 -]
[2024-07-12 15:25:10,443: INFO: _internal: 127.0.0.1 - - [12/Jul/2024 15:25:10] "[36mGET /static/css2/style.css HTTP/1.1[0m" 304 -]
[2024-07-12 15:25:10,445: INFO: _internal: 127.0.0.1 - - [12/Jul/2024 15:25:10] "[36mGET /static/js/scripts.js HTTP/1.1[0m" 304 -]
[2024-07-12 15:25:10,459: INFO: _internal: 127.0.0.1 - - [12/Jul/2024 15:25:10] "[33mGET /static/assets/img/wine.jpg HTTP/1.1[0m" 404 -]
[2024-07-12 15:25:10,462: INFO: _internal: 127.0.0.1 - - [12/Jul/2024 15:25:10] "[33mGET /static/assets/img/form-v9.jpg HTTP/1.1[0m" 404 -]
[2024-07-12 15:25:10,467: INFO: _internal: 127.0.0.1 - - [12/Jul/2024 15:25:10] "[33mGET /static/fonts/Nunito/Nunito-Bold.ttf HTTP/1.1[0m" 404 -]
[2024-07-12 15:25:29,764: INFO: _internal: 127.0.0.1 - - [12/Jul/2024 15:25:29] "GET /predict HTTP/1.1" 200 -]
[2024-07-12 15:25:29,800: INFO: _internal: 127.0.0.1 - - [12/Jul/2024 15:25:29] "[36mGET /static/css2/nunito-font.css HTTP/1.1[0m" 304 -]
[2024-07-12 15:25:29,800: INFO: _internal: 127.0.0.1 - - [12/Jul/2024 15:25:29] "[36mGET /static/css/styles.css HTTP/1.1[0m" 304 -]
[2024-07-12 15:25:29,802: INFO: _internal: 127.0.0.1 - - [12/Jul/2024 15:25:29] "[36mGET /static/css2/style.css HTTP/1.1[0m" 304 -]
[2024-07-12 15:25:29,809: INFO: _internal: 127.0.0.1 - - [12/Jul/2024 15:25:29] "[36mGET /static/js/scripts.js HTTP/1.1[0m" 304 -]
[2024-07-12 15:25:29,816: INFO: _internal: 127.0.0.1 - - [12/Jul/2024 15:25:29] "[33mGET /static/assets/img/wine.jpg HTTP/1.1[0m" 404 -]
[2024-07-12 15:25:29,824: INFO: _internal: 127.0.0.1 - - [12/Jul/2024 15:25:29] "[33mGET /static/assets/img/form-v9.jpg HTTP/1.1[0m" 404 -]
[2024-07-12 15:25:29,830: INFO: _internal: 127.0.0.1 - - [12/Jul/2024 15:25:29] "[33mGET /static/fonts/Nunito/Nunito-Bold.ttf HTTP/1.1[0m" 404 -]
[2024-07-12 15:28:28,953: INFO: _internal: [31m[1mWARNING: This is a development server. Do not use it in a production deployment. Use a production WSGI server instead.[0m
 * Running on all addresses (0.0.0.0)
 * Running on http://127.0.0.1:8080
 * Running on http://192.168.1.10:8080]
[2024-07-12 15:28:28,955: INFO: _internal: [33mPress CTRL+C to quit[0m]
[2024-07-12 15:28:28,960: INFO: _internal:  * Restarting with stat]
[2024-07-12 15:28:31,975: WARNING: _internal:  * Debugger is active!]
[2024-07-12 15:28:31,989: INFO: _internal:  * Debugger PIN: 169-877-089]
[2024-07-12 15:28:36,136: INFO: _internal: 127.0.0.1 - - [12/Jul/2024 15:28:36] "GET / HTTP/1.1" 200 -]
[2024-07-12 15:28:36,386: INFO: _internal: 127.0.0.1 - - [12/Jul/2024 15:28:36] "[36mGET /static/css2/nunito-font.css HTTP/1.1[0m" 304 -]
[2024-07-12 15:28:36,391: INFO: _internal: 127.0.0.1 - - [12/Jul/2024 15:28:36] "[36mGET /static/css/styles.css HTTP/1.1[0m" 304 -]
[2024-07-12 15:28:36,394: INFO: _internal: 127.0.0.1 - - [12/Jul/2024 15:28:36] "[36mGET /static/js/scripts.js HTTP/1.1[0m" 304 -]
[2024-07-12 15:28:36,396: INFO: _internal: 127.0.0.1 - - [12/Jul/2024 15:28:36] "[36mGET /static/css2/style.css HTTP/1.1[0m" 304 -]
[2024-07-12 15:28:36,410: INFO: _internal: 127.0.0.1 - - [12/Jul/2024 15:28:36] "[33mGET /static/assets/img/wine.jpg HTTP/1.1[0m" 404 -]
[2024-07-12 15:28:36,469: INFO: _internal: 127.0.0.1 - - [12/Jul/2024 15:28:36] "[33mGET /static/assets/img/form-v9.jpg HTTP/1.1[0m" 404 -]
[2024-07-12 15:28:36,489: INFO: _internal: 127.0.0.1 - - [12/Jul/2024 15:28:36] "[33mGET /static/fonts/Nunito/Nunito-Bold.ttf HTTP/1.1[0m" 404 -]
[2024-07-12 15:28:44,829: INFO: _internal: 127.0.0.1 - - [12/Jul/2024 15:28:44] "GET /predict HTTP/1.1" 200 -]
[2024-07-12 15:28:44,849: INFO: _internal: 127.0.0.1 - - [12/Jul/2024 15:28:44] "[36mGET /static/css/styles.css HTTP/1.1[0m" 304 -]
[2024-07-12 15:28:44,858: INFO: _internal: 127.0.0.1 - - [12/Jul/2024 15:28:44] "[36mGET /static/css2/nunito-font.css HTTP/1.1[0m" 304 -]
[2024-07-12 15:28:44,859: INFO: _internal: 127.0.0.1 - - [12/Jul/2024 15:28:44] "[36mGET /static/css2/style.css HTTP/1.1[0m" 304 -]
[2024-07-12 15:28:44,861: INFO: _internal: 127.0.0.1 - - [12/Jul/2024 15:28:44] "[36mGET /static/js/scripts.js HTTP/1.1[0m" 304 -]
[2024-07-12 15:28:44,876: INFO: _internal: 127.0.0.1 - - [12/Jul/2024 15:28:44] "[33mGET /static/assets/img/wine.jpg HTTP/1.1[0m" 404 -]
[2024-07-12 15:28:44,880: INFO: _internal: 127.0.0.1 - - [12/Jul/2024 15:28:44] "[33mGET /static/assets/img/form-v9.jpg HTTP/1.1[0m" 404 -]
[2024-07-12 15:28:44,884: INFO: _internal: 127.0.0.1 - - [12/Jul/2024 15:28:44] "[33mGET /static/fonts/Nunito/Nunito-Bold.ttf HTTP/1.1[0m" 404 -]
[2024-07-12 15:28:53,254: INFO: _internal: 127.0.0.1 - - [12/Jul/2024 15:28:53] "GET / HTTP/1.1" 200 -]
[2024-07-12 15:28:53,279: INFO: _internal: 127.0.0.1 - - [12/Jul/2024 15:28:53] "[36mGET /static/css/styles.css HTTP/1.1[0m" 304 -]
[2024-07-12 15:28:53,289: INFO: _internal: 127.0.0.1 - - [12/Jul/2024 15:28:53] "[36mGET /static/css2/style.css HTTP/1.1[0m" 304 -]
[2024-07-12 15:28:53,290: INFO: _internal: 127.0.0.1 - - [12/Jul/2024 15:28:53] "[36mGET /static/css2/nunito-font.css HTTP/1.1[0m" 304 -]
[2024-07-12 15:28:53,291: INFO: _internal: 127.0.0.1 - - [12/Jul/2024 15:28:53] "[36mGET /static/js/scripts.js HTTP/1.1[0m" 304 -]
[2024-07-12 15:28:53,304: INFO: _internal: 127.0.0.1 - - [12/Jul/2024 15:28:53] "[33mGET /static/assets/img/wine.jpg HTTP/1.1[0m" 404 -]
[2024-07-12 15:28:53,308: INFO: _internal: 127.0.0.1 - - [12/Jul/2024 15:28:53] "[33mGET /static/assets/img/form-v9.jpg HTTP/1.1[0m" 404 -]
[2024-07-12 15:28:53,310: INFO: _internal: 127.0.0.1 - - [12/Jul/2024 15:28:53] "[33mGET /static/fonts/Nunito/Nunito-Bold.ttf HTTP/1.1[0m" 404 -]
[2024-07-12 15:29:12,962: INFO: _internal: 127.0.0.1 - - [12/Jul/2024 15:29:12] "POST /predict HTTP/1.1" 200 -]
[2024-07-12 15:30:08,766: INFO: _internal: 127.0.0.1 - - [12/Jul/2024 15:30:08] "GET / HTTP/1.1" 200 -]
[2024-07-12 15:30:08,781: INFO: _internal: 127.0.0.1 - - [12/Jul/2024 15:30:08] "[36mGET /static/css/styles.css HTTP/1.1[0m" 304 -]
[2024-07-12 15:30:08,786: INFO: _internal: 127.0.0.1 - - [12/Jul/2024 15:30:08] "[36mGET /static/css2/nunito-font.css HTTP/1.1[0m" 304 -]
[2024-07-12 15:30:08,790: INFO: _internal: 127.0.0.1 - - [12/Jul/2024 15:30:08] "[36mGET /static/css2/style.css HTTP/1.1[0m" 304 -]
[2024-07-12 15:30:08,792: INFO: _internal: 127.0.0.1 - - [12/Jul/2024 15:30:08] "[36mGET /static/js/scripts.js HTTP/1.1[0m" 304 -]
[2024-07-12 15:30:08,798: INFO: _internal: 127.0.0.1 - - [12/Jul/2024 15:30:08] "[33mGET /static/assets/img/wine.jpg HTTP/1.1[0m" 404 -]
[2024-07-12 15:30:08,806: INFO: _internal: 127.0.0.1 - - [12/Jul/2024 15:30:08] "[33mGET /static/assets/img/form-v9.jpg HTTP/1.1[0m" 404 -]
[2024-07-12 15:30:08,812: INFO: _internal: 127.0.0.1 - - [12/Jul/2024 15:30:08] "[33mGET /static/fonts/Nunito/Nunito-Bold.ttf HTTP/1.1[0m" 404 -]
[2024-07-12 15:30:55,925: INFO: _internal: 127.0.0.1 - - [12/Jul/2024 15:30:55] "GET / HTTP/1.1" 200 -]
[2024-07-12 15:30:55,945: INFO: _internal: 127.0.0.1 - - [12/Jul/2024 15:30:55] "[36mGET /static/css/styles.css HTTP/1.1[0m" 304 -]
[2024-07-12 15:30:55,955: INFO: _internal: 127.0.0.1 - - [12/Jul/2024 15:30:55] "[36mGET /static/css2/nunito-font.css HTTP/1.1[0m" 304 -]
[2024-07-12 15:30:55,956: INFO: _internal: 127.0.0.1 - - [12/Jul/2024 15:30:55] "[36mGET /static/css2/style.css HTTP/1.1[0m" 304 -]
[2024-07-12 15:30:55,957: INFO: _internal: 127.0.0.1 - - [12/Jul/2024 15:30:55] "[36mGET /static/js/scripts.js HTTP/1.1[0m" 304 -]
[2024-07-12 15:30:55,959: INFO: _internal: 127.0.0.1 - - [12/Jul/2024 15:30:55] "[33mGET /static/assets/img/wine.jpg HTTP/1.1[0m" 404 -]
[2024-07-12 15:30:55,973: INFO: _internal: 127.0.0.1 - - [12/Jul/2024 15:30:55] "[33mGET /static/assets/img/form-v9.jpg HTTP/1.1[0m" 404 -]
[2024-07-12 15:30:55,981: INFO: _internal: 127.0.0.1 - - [12/Jul/2024 15:30:55] "[33mGET /static/fonts/Nunito/Nunito-Bold.ttf HTTP/1.1[0m" 404 -]
[2024-07-12 15:32:29,508: INFO: _internal: 127.0.0.1 - - [12/Jul/2024 15:32:29] "GET / HTTP/1.1" 200 -]
[2024-07-12 15:32:29,523: INFO: _internal: 127.0.0.1 - - [12/Jul/2024 15:32:29] "[36mGET /static/css/styles.css HTTP/1.1[0m" 304 -]
[2024-07-12 15:32:29,526: INFO: _internal: 127.0.0.1 - - [12/Jul/2024 15:32:29] "[36mGET /static/css2/nunito-font.css HTTP/1.1[0m" 304 -]
[2024-07-12 15:32:29,531: INFO: _internal: 127.0.0.1 - - [12/Jul/2024 15:32:29] "[36mGET /static/css2/style.css HTTP/1.1[0m" 304 -]
[2024-07-12 15:32:29,533: INFO: _internal: 127.0.0.1 - - [12/Jul/2024 15:32:29] "[36mGET /static/js/scripts.js HTTP/1.1[0m" 304 -]
[2024-07-12 15:32:29,535: INFO: _internal: 127.0.0.1 - - [12/Jul/2024 15:32:29] "[33mGET /static/assets/img/wine.jpg HTTP/1.1[0m" 404 -]
[2024-07-12 15:32:29,549: INFO: _internal: 127.0.0.1 - - [12/Jul/2024 15:32:29] "[33mGET /static/assets/img/form-v9.jpg HTTP/1.1[0m" 404 -]
[2024-07-12 15:32:29,555: INFO: _internal: 127.0.0.1 - - [12/Jul/2024 15:32:29] "[33mGET /static/fonts/Nunito/Nunito-Bold.ttf HTTP/1.1[0m" 404 -]
[2024-07-12 15:32:59,957: INFO: _internal: 127.0.0.1 - - [12/Jul/2024 15:32:59] "GET / HTTP/1.1" 200 -]
[2024-07-12 15:32:59,973: INFO: _internal: 127.0.0.1 - - [12/Jul/2024 15:32:59] "[36mGET /static/css/styles.css HTTP/1.1[0m" 304 -]
[2024-07-12 15:32:59,982: INFO: _internal: 127.0.0.1 - - [12/Jul/2024 15:32:59] "[36mGET /static/css2/nunito-font.css HTTP/1.1[0m" 304 -]
[2024-07-12 15:32:59,984: INFO: _internal: 127.0.0.1 - - [12/Jul/2024 15:32:59] "[36mGET /static/css2/style.css HTTP/1.1[0m" 304 -]
[2024-07-12 15:32:59,988: INFO: _internal: 127.0.0.1 - - [12/Jul/2024 15:32:59] "[36mGET /static/js/scripts.js HTTP/1.1[0m" 304 -]
[2024-07-12 15:32:59,992: INFO: _internal: 127.0.0.1 - - [12/Jul/2024 15:32:59] "[33mGET /static/assets/img/wine.jpg HTTP/1.1[0m" 404 -]
[2024-07-12 15:33:00,002: INFO: _internal: 127.0.0.1 - - [12/Jul/2024 15:33:00] "[33mGET /static/assets/img/form-v9.jpg HTTP/1.1[0m" 404 -]
[2024-07-12 15:33:00,016: INFO: _internal: 127.0.0.1 - - [12/Jul/2024 15:33:00] "[33mGET /static/fonts/Nunito/Nunito-Bold.ttf HTTP/1.1[0m" 404 -]
[2024-07-12 15:34:47,643: INFO: _internal: 127.0.0.1 - - [12/Jul/2024 15:34:47] "GET / HTTP/1.1" 200 -]
[2024-07-12 15:34:47,663: INFO: _internal: 127.0.0.1 - - [12/Jul/2024 15:34:47] "[36mGET /static/css/styles.css HTTP/1.1[0m" 304 -]
[2024-07-12 15:34:47,667: INFO: _internal: 127.0.0.1 - - [12/Jul/2024 15:34:47] "[36mGET /static/css2/nunito-font.css HTTP/1.1[0m" 304 -]
[2024-07-12 15:34:47,674: INFO: _internal: 127.0.0.1 - - [12/Jul/2024 15:34:47] "[36mGET /static/css2/style.css HTTP/1.1[0m" 304 -]
[2024-07-12 15:34:47,675: INFO: _internal: 127.0.0.1 - - [12/Jul/2024 15:34:47] "[36mGET /static/js/scripts.js HTTP/1.1[0m" 304 -]
[2024-07-12 15:34:47,680: INFO: _internal: 127.0.0.1 - - [12/Jul/2024 15:34:47] "[33mGET /static/assets/img/wine.jpg HTTP/1.1[0m" 404 -]
[2024-07-12 15:34:47,689: INFO: _internal: 127.0.0.1 - - [12/Jul/2024 15:34:47] "[33mGET /static/assets/img/form-v9.jpg HTTP/1.1[0m" 404 -]
[2024-07-12 15:34:47,698: INFO: _internal: 127.0.0.1 - - [12/Jul/2024 15:34:47] "[33mGET /static/fonts/Nunito/Nunito-Bold.ttf HTTP/1.1[0m" 404 -]
[2024-07-12 15:35:26,671: INFO: _internal: 127.0.0.1 - - [12/Jul/2024 15:35:26] "GET / HTTP/1.1" 200 -]
[2024-07-12 15:35:26,685: INFO: _internal: 127.0.0.1 - - [12/Jul/2024 15:35:26] "[36mGET /static/css/styles.css HTTP/1.1[0m" 304 -]
[2024-07-12 15:35:26,696: INFO: _internal: 127.0.0.1 - - [12/Jul/2024 15:35:26] "[36mGET /static/js/scripts.js HTTP/1.1[0m" 304 -]
[2024-07-12 15:35:26,697: INFO: _internal: 127.0.0.1 - - [12/Jul/2024 15:35:26] "[36mGET /static/css2/nunito-font.css HTTP/1.1[0m" 304 -]
[2024-07-12 15:35:26,698: INFO: _internal: 127.0.0.1 - - [12/Jul/2024 15:35:26] "[36mGET /static/css2/style.css HTTP/1.1[0m" 304 -]
[2024-07-12 15:35:26,704: INFO: _internal: 127.0.0.1 - - [12/Jul/2024 15:35:26] "[33mGET /static/assets/img/wine.jpg HTTP/1.1[0m" 404 -]
[2024-07-12 15:35:26,712: INFO: _internal: 127.0.0.1 - - [12/Jul/2024 15:35:26] "[33mGET /static/assets/img/form-v9.jpg HTTP/1.1[0m" 404 -]
[2024-07-12 15:35:26,719: INFO: _internal: 127.0.0.1 - - [12/Jul/2024 15:35:26] "[33mGET /static/fonts/Nunito/Nunito-Bold.ttf HTTP/1.1[0m" 404 -]
[2024-07-12 15:35:54,638: INFO: _internal: 127.0.0.1 - - [12/Jul/2024 15:35:54] "GET / HTTP/1.1" 200 -]
[2024-07-12 15:35:54,660: INFO: _internal: 127.0.0.1 - - [12/Jul/2024 15:35:54] "[36mGET /static/css/styles.css HTTP/1.1[0m" 304 -]
[2024-07-12 15:35:54,665: INFO: _internal: 127.0.0.1 - - [12/Jul/2024 15:35:54] "[36mGET /static/css2/nunito-font.css HTTP/1.1[0m" 304 -]
[2024-07-12 15:35:54,668: INFO: _internal: 127.0.0.1 - - [12/Jul/2024 15:35:54] "[36mGET /static/css2/style.css HTTP/1.1[0m" 304 -]
[2024-07-12 15:35:54,670: INFO: _internal: 127.0.0.1 - - [12/Jul/2024 15:35:54] "[36mGET /static/js/scripts.js HTTP/1.1[0m" 304 -]
[2024-07-12 15:35:54,675: INFO: _internal: 127.0.0.1 - - [12/Jul/2024 15:35:54] "[33mGET /static/assets/img/wine.jpg HTTP/1.1[0m" 404 -]
[2024-07-12 15:35:54,685: INFO: _internal: 127.0.0.1 - - [12/Jul/2024 15:35:54] "[33mGET /static/assets/img/form-v9.jpg HTTP/1.1[0m" 404 -]
[2024-07-12 15:35:54,692: INFO: _internal: 127.0.0.1 - - [12/Jul/2024 15:35:54] "[33mGET /static/fonts/Nunito/Nunito-Bold.ttf HTTP/1.1[0m" 404 -]
[2024-07-12 15:37:42,861: INFO: _internal: 127.0.0.1 - - [12/Jul/2024 15:37:42] "GET / HTTP/1.1" 200 -]
[2024-07-12 15:37:42,876: INFO: _internal: 127.0.0.1 - - [12/Jul/2024 15:37:42] "[36mGET /static/css/styles.css HTTP/1.1[0m" 304 -]
[2024-07-12 15:37:42,884: INFO: _internal: 127.0.0.1 - - [12/Jul/2024 15:37:42] "[36mGET /static/css2/nunito-font.css HTTP/1.1[0m" 304 -]
[2024-07-12 15:37:42,885: INFO: _internal: 127.0.0.1 - - [12/Jul/2024 15:37:42] "[36mGET /static/css2/style.css HTTP/1.1[0m" 304 -]
[2024-07-12 15:37:42,888: INFO: _internal: 127.0.0.1 - - [12/Jul/2024 15:37:42] "[36mGET /static/js/scripts.js HTTP/1.1[0m" 304 -]
[2024-07-12 15:37:42,926: INFO: _internal: 127.0.0.1 - - [12/Jul/2024 15:37:42] "[33mGET /static/assets/img/wine.jpg HTTP/1.1[0m" 404 -]
[2024-07-12 15:37:42,928: INFO: _internal: 127.0.0.1 - - [12/Jul/2024 15:37:42] "[33mGET /static/assets/img/form-v9.jpg HTTP/1.1[0m" 404 -]
[2024-07-12 15:37:42,935: INFO: _internal: 127.0.0.1 - - [12/Jul/2024 15:37:42] "[33mGET /static/fonts/Nunito/Nunito-Bold.ttf HTTP/1.1[0m" 404 -]
[2024-07-12 15:38:34,284: INFO: _internal: 127.0.0.1 - - [12/Jul/2024 15:38:34] "GET / HTTP/1.1" 200 -]
[2024-07-12 15:38:34,301: INFO: _internal: 127.0.0.1 - - [12/Jul/2024 15:38:34] "[36mGET /static/css/styles.css HTTP/1.1[0m" 304 -]
[2024-07-12 15:38:34,306: INFO: _internal: 127.0.0.1 - - [12/Jul/2024 15:38:34] "[36mGET /static/css2/nunito-font.css HTTP/1.1[0m" 304 -]
[2024-07-12 15:38:34,309: INFO: _internal: 127.0.0.1 - - [12/Jul/2024 15:38:34] "[36mGET /static/css2/style.css HTTP/1.1[0m" 304 -]
[2024-07-12 15:38:34,313: INFO: _internal: 127.0.0.1 - - [12/Jul/2024 15:38:34] "[36mGET /static/js/scripts.js HTTP/1.1[0m" 304 -]
[2024-07-12 15:38:34,337: INFO: _internal: 127.0.0.1 - - [12/Jul/2024 15:38:34] "[33mGET /static/assets/img/wine.jpg HTTP/1.1[0m" 404 -]
[2024-07-12 15:38:34,340: INFO: _internal: 127.0.0.1 - - [12/Jul/2024 15:38:34] "[33mGET /static/assets/img/form-v9.jpg HTTP/1.1[0m" 404 -]
[2024-07-12 15:38:34,344: INFO: _internal: 127.0.0.1 - - [12/Jul/2024 15:38:34] "[33mGET /static/fonts/Nunito/Nunito-Bold.ttf HTTP/1.1[0m" 404 -]
[2024-07-12 15:40:02,759: INFO: _internal: 127.0.0.1 - - [12/Jul/2024 15:40:02] "GET / HTTP/1.1" 200 -]
[2024-07-12 15:40:02,774: INFO: _internal: 127.0.0.1 - - [12/Jul/2024 15:40:02] "[36mGET /static/css/styles.css HTTP/1.1[0m" 304 -]
[2024-07-12 15:40:02,783: INFO: _internal: 127.0.0.1 - - [12/Jul/2024 15:40:02] "[36mGET /static/css2/nunito-font.css HTTP/1.1[0m" 304 -]
[2024-07-12 15:40:02,784: INFO: _internal: 127.0.0.1 - - [12/Jul/2024 15:40:02] "[36mGET /static/css2/style.css HTTP/1.1[0m" 304 -]
[2024-07-12 15:40:02,786: INFO: _internal: 127.0.0.1 - - [12/Jul/2024 15:40:02] "[36mGET /static/js/scripts.js HTTP/1.1[0m" 304 -]
[2024-07-12 15:40:02,802: INFO: _internal: 127.0.0.1 - - [12/Jul/2024 15:40:02] "[33mGET /static/assets/img/wine.jpg HTTP/1.1[0m" 404 -]
[2024-07-12 15:40:02,804: INFO: _internal: 127.0.0.1 - - [12/Jul/2024 15:40:02] "[33mGET /static/assets/img/form-v9.jpg HTTP/1.1[0m" 404 -]
[2024-07-12 15:40:02,810: INFO: _internal: 127.0.0.1 - - [12/Jul/2024 15:40:02] "[33mGET /static/fonts/Nunito/Nunito-Bold.ttf HTTP/1.1[0m" 404 -]
[2024-07-12 15:44:34,950: INFO: _internal: 127.0.0.1 - - [12/Jul/2024 15:44:34] "POST /predict HTTP/1.1" 200 -]
[2024-07-12 15:44:48,761: INFO: _internal: 127.0.0.1 - - [12/Jul/2024 15:44:48] "POST /predict HTTP/1.1" 200 -]
[2024-07-12 15:44:53,633: INFO: _internal: 127.0.0.1 - - [12/Jul/2024 15:44:53] "GET / HTTP/1.1" 200 -]
[2024-07-12 15:44:53,695: INFO: _internal: 127.0.0.1 - - [12/Jul/2024 15:44:53] "[36mGET /static/css/styles.css HTTP/1.1[0m" 304 -]
[2024-07-12 15:44:53,698: INFO: _internal: 127.0.0.1 - - [12/Jul/2024 15:44:53] "[36mGET /static/css2/nunito-font.css HTTP/1.1[0m" 304 -]
[2024-07-12 15:44:53,703: INFO: _internal: 127.0.0.1 - - [12/Jul/2024 15:44:53] "[36mGET /static/css2/style.css HTTP/1.1[0m" 304 -]
[2024-07-12 15:44:53,711: INFO: _internal: 127.0.0.1 - - [12/Jul/2024 15:44:53] "[36mGET /static/js/scripts.js HTTP/1.1[0m" 304 -]
[2024-07-12 15:44:53,799: INFO: _internal: 127.0.0.1 - - [12/Jul/2024 15:44:53] "[33mGET /static/assets/img/wine.jpg HTTP/1.1[0m" 404 -]
[2024-07-12 15:44:53,803: INFO: _internal: 127.0.0.1 - - [12/Jul/2024 15:44:53] "[33mGET /static/assets/img/form-v9.jpg HTTP/1.1[0m" 404 -]
[2024-07-12 15:44:53,886: INFO: _internal: 127.0.0.1 - - [12/Jul/2024 15:44:53] "[33mGET /static/fonts/Nunito/Nunito-Bold.ttf HTTP/1.1[0m" 404 -]
[2024-07-12 15:44:57,618: INFO: _internal: 127.0.0.1 - - [12/Jul/2024 15:44:57] "GET / HTTP/1.1" 200 -]
[2024-07-12 15:44:57,646: INFO: _internal: 127.0.0.1 - - [12/Jul/2024 15:44:57] "[36mGET /static/css/styles.css HTTP/1.1[0m" 304 -]
[2024-07-12 15:44:57,660: INFO: _internal: 127.0.0.1 - - [12/Jul/2024 15:44:57] "[36mGET /static/css2/nunito-font.css HTTP/1.1[0m" 304 -]
[2024-07-12 15:44:57,662: INFO: _internal: 127.0.0.1 - - [12/Jul/2024 15:44:57] "[36mGET /static/css2/style.css HTTP/1.1[0m" 304 -]
[2024-07-12 15:44:57,663: INFO: _internal: 127.0.0.1 - - [12/Jul/2024 15:44:57] "[36mGET /static/js/scripts.js HTTP/1.1[0m" 304 -]
[2024-07-12 15:44:57,673: INFO: _internal: 127.0.0.1 - - [12/Jul/2024 15:44:57] "[33mGET /static/assets/img/wine.jpg HTTP/1.1[0m" 404 -]
[2024-07-12 15:44:57,688: INFO: _internal: 127.0.0.1 - - [12/Jul/2024 15:44:57] "[33mGET /static/assets/img/form-v9.jpg HTTP/1.1[0m" 404 -]
[2024-07-12 15:44:57,699: INFO: _internal: 127.0.0.1 - - [12/Jul/2024 15:44:57] "[33mGET /static/fonts/Nunito/Nunito-Bold.ttf HTTP/1.1[0m" 404 -]
[2024-07-12 15:47:01,784: INFO: _internal:  * Detected change in 'C:\\Users\\Omar\\Desktop\\Omar_Files\\Python_Analysis\\EndToEndMachineLearningProjectAutoMobilePrice\\app.py', reloading]
[2024-07-12 15:47:01,985: INFO: _internal:  * Restarting with stat]
[2024-07-12 15:47:05,570: WARNING: _internal:  * Debugger is active!]
[2024-07-12 15:47:05,609: INFO: _internal:  * Debugger PIN: 169-877-089]
[2024-07-12 15:47:11,438: INFO: _internal: 127.0.0.1 - - [12/Jul/2024 15:47:11] "GET /predict HTTP/1.1" 200 -]
[2024-07-12 15:47:11,647: INFO: _internal: 127.0.0.1 - - [12/Jul/2024 15:47:11] "[36mGET /static/css2/style.css HTTP/1.1[0m" 304 -]
[2024-07-12 15:47:11,655: INFO: _internal: 127.0.0.1 - - [12/Jul/2024 15:47:11] "[36mGET /static/css/styles.css HTTP/1.1[0m" 304 -]
[2024-07-12 15:47:11,656: INFO: _internal: 127.0.0.1 - - [12/Jul/2024 15:47:11] "[36mGET /static/css2/nunito-font.css HTTP/1.1[0m" 304 -]
[2024-07-12 15:47:11,659: INFO: _internal: 127.0.0.1 - - [12/Jul/2024 15:47:11] "[36mGET /static/js/scripts.js HTTP/1.1[0m" 304 -]
[2024-07-12 15:47:11,671: INFO: _internal: 127.0.0.1 - - [12/Jul/2024 15:47:11] "[33mGET /static/assets/img/wine.jpg HTTP/1.1[0m" 404 -]
[2024-07-12 15:47:11,691: INFO: _internal: 127.0.0.1 - - [12/Jul/2024 15:47:11] "[33mGET /static/assets/img/form-v9.jpg HTTP/1.1[0m" 404 -]
[2024-07-12 15:47:11,701: INFO: _internal: 127.0.0.1 - - [12/Jul/2024 15:47:11] "[33mGET /static/fonts/Nunito/Nunito-Bold.ttf HTTP/1.1[0m" 404 -]
[2024-07-12 15:48:13,229: INFO: _internal: 127.0.0.1 - - [12/Jul/2024 15:48:13] "POST /predict HTTP/1.1" 200 -]
[2024-07-12 15:48:55,261: INFO: _internal: 127.0.0.1 - - [12/Jul/2024 15:48:55] "GET /predict HTTP/1.1" 200 -]
[2024-07-12 15:49:14,106: INFO: _internal: 127.0.0.1 - - [12/Jul/2024 15:49:14] "GET / HTTP/1.1" 200 -]
[2024-07-12 15:49:14,139: INFO: _internal: 127.0.0.1 - - [12/Jul/2024 15:49:14] "[36mGET /static/css/styles.css HTTP/1.1[0m" 304 -]
[2024-07-12 15:49:14,141: INFO: _internal: 127.0.0.1 - - [12/Jul/2024 15:49:14] "[36mGET /static/css2/nunito-font.css HTTP/1.1[0m" 304 -]
[2024-07-12 15:49:14,148: INFO: _internal: 127.0.0.1 - - [12/Jul/2024 15:49:14] "[36mGET /static/css2/style.css HTTP/1.1[0m" 304 -]
[2024-07-12 15:49:14,152: INFO: _internal: 127.0.0.1 - - [12/Jul/2024 15:49:14] "[36mGET /static/js/scripts.js HTTP/1.1[0m" 304 -]
[2024-07-12 15:49:14,185: INFO: _internal: 127.0.0.1 - - [12/Jul/2024 15:49:14] "[33mGET /static/assets/img/wine.jpg HTTP/1.1[0m" 404 -]
[2024-07-12 15:49:14,187: INFO: _internal: 127.0.0.1 - - [12/Jul/2024 15:49:14] "[33mGET /static/assets/img/form-v9.jpg HTTP/1.1[0m" 404 -]
[2024-07-12 15:49:14,232: INFO: _internal: 127.0.0.1 - - [12/Jul/2024 15:49:14] "[33mGET /static/fonts/Nunito/Nunito-Bold.ttf HTTP/1.1[0m" 404 -]
[2024-07-12 15:49:19,491: INFO: _internal: 127.0.0.1 - - [12/Jul/2024 15:49:19] "GET / HTTP/1.1" 200 -]
[2024-07-12 15:49:19,507: INFO: _internal: 127.0.0.1 - - [12/Jul/2024 15:49:19] "[36mGET /static/css/styles.css HTTP/1.1[0m" 304 -]
[2024-07-12 15:49:19,510: INFO: _internal: 127.0.0.1 - - [12/Jul/2024 15:49:19] "[36mGET /static/css2/nunito-font.css HTTP/1.1[0m" 304 -]
[2024-07-12 15:49:19,512: INFO: _internal: 127.0.0.1 - - [12/Jul/2024 15:49:19] "[36mGET /static/css2/style.css HTTP/1.1[0m" 304 -]
[2024-07-12 15:49:19,514: INFO: _internal: 127.0.0.1 - - [12/Jul/2024 15:49:19] "[36mGET /static/js/scripts.js HTTP/1.1[0m" 304 -]
[2024-07-12 15:49:19,530: INFO: _internal: 127.0.0.1 - - [12/Jul/2024 15:49:19] "[33mGET /static/assets/img/wine.jpg HTTP/1.1[0m" 404 -]
[2024-07-12 15:49:19,532: INFO: _internal: 127.0.0.1 - - [12/Jul/2024 15:49:19] "[33mGET /static/assets/img/form-v9.jpg HTTP/1.1[0m" 404 -]
[2024-07-12 15:49:19,542: INFO: _internal: 127.0.0.1 - - [12/Jul/2024 15:49:19] "[33mGET /static/fonts/Nunito/Nunito-Bold.ttf HTTP/1.1[0m" 404 -]
[2024-07-12 15:49:24,238: INFO: _internal: 127.0.0.1 - - [12/Jul/2024 15:49:24] "GET /predict HTTP/1.1" 200 -]
[2024-07-12 15:49:24,267: INFO: _internal: 127.0.0.1 - - [12/Jul/2024 15:49:24] "[36mGET /static/css/styles.css HTTP/1.1[0m" 304 -]
[2024-07-12 15:49:24,271: INFO: _internal: 127.0.0.1 - - [12/Jul/2024 15:49:24] "[36mGET /static/css2/nunito-font.css HTTP/1.1[0m" 304 -]
[2024-07-12 15:49:24,275: INFO: _internal: 127.0.0.1 - - [12/Jul/2024 15:49:24] "[36mGET /static/css2/style.css HTTP/1.1[0m" 304 -]
[2024-07-12 15:49:24,277: INFO: _internal: 127.0.0.1 - - [12/Jul/2024 15:49:24] "[33mGET /static/assets/img/wine.jpg HTTP/1.1[0m" 404 -]
[2024-07-12 15:49:24,279: INFO: _internal: 127.0.0.1 - - [12/Jul/2024 15:49:24] "[36mGET /static/js/scripts.js HTTP/1.1[0m" 304 -]
[2024-07-12 15:49:24,288: INFO: _internal: 127.0.0.1 - - [12/Jul/2024 15:49:24] "[33mGET /static/assets/img/form-v9.jpg HTTP/1.1[0m" 404 -]
[2024-07-12 15:49:24,294: INFO: _internal: 127.0.0.1 - - [12/Jul/2024 15:49:24] "[33mGET /static/fonts/Nunito/Nunito-Bold.ttf HTTP/1.1[0m" 404 -]
[2024-07-12 15:49:28,973: INFO: _internal: 127.0.0.1 - - [12/Jul/2024 15:49:28] "GET / HTTP/1.1" 200 -]
[2024-07-12 15:49:29,004: INFO: _internal: 127.0.0.1 - - [12/Jul/2024 15:49:29] "[36mGET /static/css/styles.css HTTP/1.1[0m" 304 -]
[2024-07-12 15:49:29,012: INFO: _internal: 127.0.0.1 - - [12/Jul/2024 15:49:29] "[36mGET /static/css2/style.css HTTP/1.1[0m" 304 -]
[2024-07-12 15:49:29,012: INFO: _internal: 127.0.0.1 - - [12/Jul/2024 15:49:29] "[36mGET /static/css2/nunito-font.css HTTP/1.1[0m" 304 -]
[2024-07-12 15:49:29,014: INFO: _internal: 127.0.0.1 - - [12/Jul/2024 15:49:29] "[36mGET /static/js/scripts.js HTTP/1.1[0m" 304 -]
[2024-07-12 15:49:29,021: INFO: _internal: 127.0.0.1 - - [12/Jul/2024 15:49:29] "[33mGET /static/assets/img/wine.jpg HTTP/1.1[0m" 404 -]
[2024-07-12 15:49:29,030: INFO: _internal: 127.0.0.1 - - [12/Jul/2024 15:49:29] "[33mGET /static/assets/img/form-v9.jpg HTTP/1.1[0m" 404 -]
[2024-07-12 15:49:29,036: INFO: _internal: 127.0.0.1 - - [12/Jul/2024 15:49:29] "[33mGET /static/fonts/Nunito/Nunito-Bold.ttf HTTP/1.1[0m" 404 -]
[2024-07-12 15:50:48,618: INFO: _internal: 127.0.0.1 - - [12/Jul/2024 15:50:48] "GET /predict HTTP/1.1" 200 -]
[2024-07-12 15:50:48,655: INFO: _internal: 127.0.0.1 - - [12/Jul/2024 15:50:48] "[36mGET /static/css/styles.css HTTP/1.1[0m" 304 -]
[2024-07-12 15:50:48,660: INFO: _internal: 127.0.0.1 - - [12/Jul/2024 15:50:48] "[36mGET /static/css2/nunito-font.css HTTP/1.1[0m" 304 -]
[2024-07-12 15:50:48,663: INFO: _internal: 127.0.0.1 - - [12/Jul/2024 15:50:48] "[36mGET /static/css2/style.css HTTP/1.1[0m" 304 -]
[2024-07-12 15:50:48,669: INFO: _internal: 127.0.0.1 - - [12/Jul/2024 15:50:48] "[36mGET /static/js/scripts.js HTTP/1.1[0m" 304 -]
[2024-07-12 15:50:48,672: INFO: _internal: 127.0.0.1 - - [12/Jul/2024 15:50:48] "[33mGET /static/assets/img/wine.jpg HTTP/1.1[0m" 404 -]
[2024-07-12 15:50:48,684: INFO: _internal: 127.0.0.1 - - [12/Jul/2024 15:50:48] "[33mGET /static/assets/img/form-v9.jpg HTTP/1.1[0m" 404 -]
[2024-07-12 15:50:48,692: INFO: _internal: 127.0.0.1 - - [12/Jul/2024 15:50:48] "[33mGET /static/fonts/Nunito/Nunito-Bold.ttf HTTP/1.1[0m" 404 -]
[2024-07-12 15:51:16,861: INFO: _internal:  * Detected change in 'C:\\Users\\Omar\\Desktop\\Omar_Files\\Python_Analysis\\EndToEndMachineLearningProjectAutoMobilePrice\\app.py', reloading]
[2024-07-12 15:51:17,082: INFO: _internal:  * Restarting with stat]
[2024-07-12 15:51:21,156: WARNING: _internal:  * Debugger is active!]
[2024-07-12 15:51:21,201: INFO: _internal:  * Debugger PIN: 169-877-089]
[2024-07-12 16:06:27,735: INFO: main: >>>>>> stage Data Ingestion stage started <<<<<<]
[2024-07-12 16:06:27,740: INFO: common: yaml file: config\config.yaml loaded successfully]
[2024-07-12 16:06:27,741: INFO: common: yaml file: params.yaml loaded successfully]
[2024-07-12 16:06:27,743: INFO: common: created directory at: artifacts]
[2024-07-12 16:06:27,744: INFO: common: created directory at: artifacts/data_ingestion]
[2024-07-12 16:06:27,760: INFO: main: >>>>>> stage Data Ingestion stage completed <<<<<<

x==========x]
[2024-07-12 16:06:27,761: INFO: main: >>>>>> stage prepare base model stage started <<<<<<]
[2024-07-12 16:06:27,767: INFO: common: yaml file: config\config.yaml loaded successfully]
[2024-07-12 16:06:27,769: INFO: common: yaml file: params.yaml loaded successfully]
[2024-07-12 16:06:27,770: INFO: common: created directory at: artifacts]
[2024-07-12 16:06:27,770: INFO: common: created directory at: artifacts/prepare_base_model]
[2024-07-12 16:06:27,790: INFO: prepare_bsae_model: Read train and test data completed]
[2024-07-12 16:06:27,820: INFO: main: >>>>>> stage prepare base model stage completed <<<<<<

x==========x]
[2024-07-12 16:06:27,821: INFO: main: >>>>>> stage model Training stage started <<<<<<]
[2024-07-12 16:06:27,825: INFO: common: yaml file: config\config.yaml loaded successfully]
[2024-07-12 16:06:27,827: INFO: common: yaml file: params.yaml loaded successfully]
[2024-07-12 16:06:27,828: INFO: common: created directory at: artifacts]
[2024-07-12 16:06:27,829: INFO: common: created directory at: artifacts/training]
[2024-07-12 16:06:27,984: INFO: main: >>>>>> stage model Training stage completed <<<<<<

x==========x]
[2024-07-12 16:06:27,985: INFO: main: >>>>>> stage model evaluation stage started <<<<<<]
[2024-07-12 16:06:27,989: INFO: common: yaml file: config\config.yaml loaded successfully]
[2024-07-12 16:06:27,991: INFO: common: yaml file: params.yaml loaded successfully]
[2024-07-12 16:06:27,992: INFO: common: created directory at: artifacts]
[2024-07-12 16:06:27,993: INFO: common: created directory at: artifacts/model_evaluation]
[2024-07-12 16:06:28,019: INFO: common: json file saved at: scores.json]
[2024-07-12 16:06:28,020: INFO: main: >>>>>> stage model evaluation stage completed <<<<<<

x==========x]
[2024-07-12 16:13:55,494: INFO: common: yaml file: config\config.yaml loaded successfully]
[2024-07-12 16:13:55,500: INFO: common: yaml file: params.yaml loaded successfully]
[2024-07-12 16:13:55,503: INFO: common: created directory at: artifacts]
[2024-07-12 16:13:55,507: INFO: common: created directory at: artifacts/prepare_base_model]
[2024-07-12 16:13:55,527: INFO: 1091047378: Read train and test data completed]
[2024-07-12 16:14:42,088: INFO: common: yaml file: config\config.yaml loaded successfully]
[2024-07-12 16:14:42,093: INFO: common: yaml file: params.yaml loaded successfully]
[2024-07-12 16:14:42,096: INFO: common: created directory at: artifacts]
[2024-07-12 16:14:42,099: INFO: common: created directory at: artifacts/prepare_base_model]
[2024-07-12 16:14:42,112: INFO: 3647616502: Read train and test data completed]
[2024-07-12 16:14:50,044: INFO: common: yaml file: config\config.yaml loaded successfully]
[2024-07-12 16:14:50,051: INFO: common: yaml file: params.yaml loaded successfully]
[2024-07-12 16:14:50,055: INFO: common: created directory at: artifacts]
[2024-07-12 16:14:50,058: INFO: common: created directory at: artifacts/prepare_base_model]
[2024-07-12 16:14:50,072: INFO: 3477507224: Read train and test data completed]
[2024-07-12 16:15:09,359: INFO: common: yaml file: config\config.yaml loaded successfully]
[2024-07-12 16:15:09,362: INFO: common: yaml file: params.yaml loaded successfully]
[2024-07-12 16:15:09,364: INFO: common: created directory at: artifacts]
[2024-07-12 16:15:09,366: INFO: common: created directory at: artifacts/prepare_base_model]
[2024-07-12 16:15:09,376: INFO: 875861377: Read train and test data completed]
[2024-07-12 16:15:21,493: INFO: common: yaml file: config\config.yaml loaded successfully]
[2024-07-12 16:15:21,500: INFO: common: yaml file: params.yaml loaded successfully]
[2024-07-12 16:15:21,504: INFO: common: created directory at: artifacts]
[2024-07-12 16:15:21,507: INFO: common: created directory at: artifacts/prepare_base_model]
[2024-07-12 16:15:21,523: INFO: 1397386320: Read train and test data completed]
[2024-07-12 16:15:34,832: INFO: common: yaml file: config\config.yaml loaded successfully]
[2024-07-12 16:15:34,836: INFO: common: yaml file: params.yaml loaded successfully]
[2024-07-12 16:15:34,840: INFO: common: created directory at: artifacts]
[2024-07-12 16:15:34,842: INFO: common: created directory at: artifacts/prepare_base_model]
[2024-07-12 16:15:34,856: INFO: 3804723058: Read train and test data completed]
[2024-07-12 16:16:36,247: INFO: common: yaml file: config\config.yaml loaded successfully]
[2024-07-12 16:16:36,252: INFO: common: yaml file: params.yaml loaded successfully]
[2024-07-12 16:16:36,255: INFO: common: created directory at: artifacts]
[2024-07-12 16:16:36,257: INFO: common: created directory at: artifacts/prepare_base_model]
[2024-07-12 16:16:52,306: INFO: common: yaml file: config\config.yaml loaded successfully]
[2024-07-12 16:16:52,312: INFO: common: yaml file: params.yaml loaded successfully]
[2024-07-12 16:16:52,315: INFO: common: created directory at: artifacts]
[2024-07-12 16:16:52,317: INFO: common: created directory at: artifacts/prepare_base_model]
[2024-07-12 16:16:52,333: INFO: 799626612: Read train and test data completed]
[2024-07-12 16:19:17,917: INFO: common: yaml file: config\config.yaml loaded successfully]
[2024-07-12 16:19:17,922: INFO: common: yaml file: params.yaml loaded successfully]
[2024-07-12 16:19:17,925: INFO: common: created directory at: artifacts]
[2024-07-12 16:19:17,928: INFO: common: created directory at: artifacts/prepare_base_model]
[2024-07-12 16:19:33,922: INFO: common: yaml file: config\config.yaml loaded successfully]
[2024-07-12 16:19:33,925: INFO: common: yaml file: params.yaml loaded successfully]
[2024-07-12 16:19:33,926: INFO: common: created directory at: artifacts]
[2024-07-12 16:19:33,928: INFO: common: created directory at: artifacts/prepare_base_model]
[2024-07-12 16:19:58,363: INFO: common: yaml file: config\config.yaml loaded successfully]
[2024-07-12 16:19:58,368: INFO: common: yaml file: params.yaml loaded successfully]
[2024-07-12 16:19:58,370: INFO: common: created directory at: artifacts]
[2024-07-12 16:19:58,372: INFO: common: created directory at: artifacts/prepare_base_model]
[2024-07-12 16:19:58,382: INFO: 2212653005: Read train and test data completed]
[2024-07-12 16:28:11,513: INFO: common: yaml file: config\config.yaml loaded successfully]
[2024-07-12 16:28:11,518: INFO: common: yaml file: params.yaml loaded successfully]
[2024-07-12 16:28:11,521: INFO: common: created directory at: artifacts]
[2024-07-12 16:28:11,524: INFO: common: created directory at: artifacts/prepare_base_model]
[2024-07-12 16:28:11,538: INFO: 623579599: Read train and test data completed]
[2024-07-12 16:28:26,529: INFO: common: yaml file: config\config.yaml loaded successfully]
[2024-07-12 16:28:26,535: INFO: common: yaml file: params.yaml loaded successfully]
[2024-07-12 16:28:26,538: INFO: common: created directory at: artifacts]
[2024-07-12 16:28:26,540: INFO: common: created directory at: artifacts/prepare_base_model]
[2024-07-12 16:28:26,555: INFO: 271127816: Read train and test data completed]
[2024-07-12 16:30:14,026: INFO: common: yaml file: config\config.yaml loaded successfully]
[2024-07-12 16:30:14,033: INFO: common: yaml file: params.yaml loaded successfully]
[2024-07-12 16:30:14,035: INFO: common: created directory at: artifacts]
[2024-07-12 16:30:14,037: INFO: common: created directory at: artifacts/prepare_base_model]
[2024-07-12 16:30:14,049: INFO: 2643516142: Read train and test data completed]
[2024-07-12 16:31:23,270: INFO: common: yaml file: config\config.yaml loaded successfully]
[2024-07-12 16:31:23,273: INFO: common: yaml file: params.yaml loaded successfully]
[2024-07-12 16:31:23,274: INFO: common: created directory at: artifacts]
[2024-07-12 16:31:23,276: INFO: common: created directory at: artifacts/prepare_base_model]
[2024-07-12 16:31:23,284: INFO: 2185479300: Read train and test data completed]
[2024-07-12 16:32:05,078: INFO: common: yaml file: config\config.yaml loaded successfully]
[2024-07-12 16:32:05,083: INFO: common: yaml file: params.yaml loaded successfully]
[2024-07-12 16:32:05,087: INFO: common: created directory at: artifacts]
[2024-07-12 16:32:05,090: INFO: common: created directory at: artifacts/prepare_base_model]
[2024-07-12 16:32:05,099: INFO: 2756780222: Read train and test data completed]
[2024-07-12 16:32:19,740: INFO: main: >>>>>> stage Data Ingestion stage started <<<<<<]
[2024-07-12 16:32:19,743: INFO: common: yaml file: config\config.yaml loaded successfully]
[2024-07-12 16:32:19,746: INFO: common: yaml file: params.yaml loaded successfully]
[2024-07-12 16:32:19,747: INFO: common: created directory at: artifacts]
[2024-07-12 16:32:19,747: INFO: common: created directory at: artifacts/data_ingestion]
[2024-07-12 16:32:19,748: INFO: data_ingestion: Inmgestion of the data is completed]
[2024-07-12 16:32:19,748: INFO: main: >>>>>> stage Data Ingestion stage completed <<<<<<

x==========x]
[2024-07-12 16:32:19,749: INFO: main: >>>>>> stage prepare base model stage started <<<<<<]
[2024-07-12 16:32:19,753: INFO: common: yaml file: config\config.yaml loaded successfully]
[2024-07-12 16:32:19,756: INFO: common: yaml file: params.yaml loaded successfully]
[2024-07-12 16:32:19,757: INFO: common: created directory at: artifacts]
[2024-07-12 16:32:19,757: INFO: common: created directory at: artifacts/prepare_base_model]
[2024-07-12 16:32:19,764: INFO: prepare_bsae_model: Read train and test data completed]
[2024-07-12 16:32:19,784: INFO: main: >>>>>> stage prepare base model stage completed <<<<<<

x==========x]
[2024-07-12 16:32:19,785: INFO: main: >>>>>> stage model Training stage started <<<<<<]
[2024-07-12 16:32:19,788: INFO: common: yaml file: config\config.yaml loaded successfully]
[2024-07-12 16:32:19,790: INFO: common: yaml file: params.yaml loaded successfully]
[2024-07-12 16:32:19,791: INFO: common: created directory at: artifacts]
[2024-07-12 16:32:19,792: INFO: common: created directory at: artifacts/training]
[2024-07-12 16:32:19,897: INFO: main: >>>>>> stage model Training stage completed <<<<<<

x==========x]
[2024-07-12 16:32:19,897: INFO: main: >>>>>> stage model evaluation stage started <<<<<<]
[2024-07-12 16:32:19,903: INFO: common: yaml file: config\config.yaml loaded successfully]
[2024-07-12 16:32:19,904: INFO: common: yaml file: params.yaml loaded successfully]
[2024-07-12 16:32:19,906: INFO: common: created directory at: artifacts]
[2024-07-12 16:32:19,906: INFO: common: created directory at: artifacts/model_evaluation]
[2024-07-12 16:32:19,927: INFO: common: json file saved at: scores.json]
[2024-07-12 16:32:19,928: INFO: main: >>>>>> stage model evaluation stage completed <<<<<<

x==========x]
